2025-07-25 10:36:26,507 - INFO - (1)-INICIANDO ROTINA DE VERIFICAÇÃO DE LEITOS NOVOS.
2025-07-25 10:36:26,570 - INFO - 336 novo(s) leito(s) detectado(s).
2025-07-25 10:36:26,581 - WARNING - Leito CMF003 INATIVO, com data de criacao em 2023-05-03 21:01:00
2025-07-25 10:36:26,587 - INFO - Leito CMF003 inserido na base local.
2025-07-25 10:36:26,589 - INFO - Leito UCO004 está ATIVO desde 2021-06-16 14:18:54.
2025-07-25 10:36:26,595 - INFO - Log de envio criado para leito UCO004 com id 6056.
2025-07-25 10:36:26,602 - INFO - Log de resposta atualizado para id 6056.
2025-07-25 10:36:26,607 - INFO - Leito UCO004 inserido na base local.
2025-07-25 10:36:26,608 - WARNING - Leito UCINCA001 INATIVO, com data de criacao em 2021-08-31 10:53:44.469000
2025-07-25 10:36:26,611 - INFO - Leito UCINCA001 inserido na base local.
2025-07-25 10:36:26,613 - WARNING - Leito UTI II001 INATIVO, com data de criacao em 2021-06-14 17:11:28.458000
2025-07-25 10:36:26,615 - INFO - Leito UTI II001 inserido na base local.
2025-07-25 10:36:26,616 - WARNING - Leito UTI II002 INATIVO, com data de criacao em 2021-06-16 11:29:41.612000
2025-07-25 10:36:26,621 - INFO - Leito UTI II002 inserido na base local.
2025-07-25 10:36:26,622 - WARNING - Leito UTI II003 INATIVO, com data de criacao em 2021-06-16 11:29:41.653000
2025-07-25 10:36:26,625 - INFO - Leito UTI II003 inserido na base local.
2025-07-25 10:36:26,626 - WARNING - Leito UTI II004 INATIVO, com data de criacao em 2021-06-16 11:29:41.690000
2025-07-25 10:36:26,629 - INFO - Leito UTI II004 inserido na base local.
2025-07-25 10:36:26,630 - INFO - Leito 6º CMM006 está ATIVO desde 2021-06-15 12:29:49.
2025-07-25 10:36:26,634 - INFO - Log de envio criado para leito 6º CMM006 com id 6057.
2025-07-25 10:36:26,637 - INFO - Log de resposta atualizado para id 6057.
2025-07-25 10:36:26,640 - INFO - Leito 6º CMM006 inserido na base local.
2025-07-25 10:36:26,641 - INFO - Leito 6º CMM002 está ATIVO desde 2021-06-15 11:45:39.
2025-07-25 10:36:26,643 - INFO - Log de envio criado para leito 6º CMM002 com id 6058.
2025-07-25 10:36:26,646 - INFO - Log de resposta atualizado para id 6058.
2025-07-25 10:36:26,649 - INFO - Leito 6º CMM002 inserido na base local.
2025-07-25 10:36:26,650 - WARNING - Leito UCINCO006 INATIVO, com data de criacao em 2021-08-31 10:51:20.772000
2025-07-25 10:36:26,654 - INFO - Leito UCINCO006 inserido na base local.
2025-07-25 10:36:26,655 - WARNING - Leito UCINCO007 INATIVO, com data de criacao em 2021-08-31 10:51:20.784000
2025-07-25 10:36:26,657 - INFO - Leito UCINCO007 inserido na base local.
2025-07-25 10:36:26,657 - WARNING - Leito ORL001 INATIVO, com data de criacao em 2021-06-14 16:17:44.454000
2025-07-25 10:36:26,660 - INFO - Leito ORL001 inserido na base local.
2025-07-25 10:36:26,694 - WARNING - Leito UPG011 INATIVO, com data de criacao em 2025-01-03 10:43:49.317000
2025-07-25 10:36:26,697 - INFO - Leito UPG011 inserido na base local.
2025-07-25 10:36:26,698 - INFO - Leito CCF006 está ATIVO desde 2021-06-14 15:23:49.
2025-07-25 10:36:26,701 - INFO - Log de envio criado para leito CCF006 com id 6059.
2025-07-25 10:36:26,704 - INFO - Log de resposta atualizado para id 6059.
2025-07-25 10:36:26,707 - INFO - Leito CCF006 inserido na base local.
2025-07-25 10:36:26,727 - WARNING - Leito UTI II009 INATIVO, com data de criacao em 2024-04-17 13:10:18.344000
2025-07-25 10:36:26,730 - INFO - Leito UTI II009 inserido na base local.
2025-07-25 10:36:26,749 - WARNING - Leito UTI II010 INATIVO, com data de criacao em 2024-04-17 13:10:18.442000
2025-07-25 10:36:26,753 - INFO - Leito UTI II010 inserido na base local.
2025-07-25 10:36:26,754 - INFO - Leito UTIN004 está ATIVO desde 2020-05-13 10:37:02.
2025-07-25 10:36:26,757 - INFO - Log de envio criado para leito UTIN004 com id 6060.
2025-07-25 10:36:26,761 - INFO - Log de resposta atualizado para id 6060.
2025-07-25 10:36:26,764 - INFO - Leito UTIN004 inserido na base local.
2025-07-25 10:36:26,765 - INFO - Leito PED003 está ATIVO desde 2021-09-01 09:28:11.
2025-07-25 10:36:26,769 - INFO - Log de envio criado para leito PED003 com id 6061.
2025-07-25 10:36:26,772 - INFO - Log de resposta atualizado para id 6061.
2025-07-25 10:36:26,775 - INFO - Leito PED003 inserido na base local.
2025-07-25 10:36:26,777 - INFO - Leito UTIN002 está ATIVO desde 2020-05-13 10:37:02.
2025-07-25 10:36:26,780 - INFO - Log de envio criado para leito UTIN002 com id 6062.
2025-07-25 10:36:26,783 - INFO - Log de resposta atualizado para id 6062.
2025-07-25 10:36:26,787 - INFO - Leito UTIN002 inserido na base local.
2025-07-25 10:36:26,788 - INFO - Leito UCINCO002 está ATIVO desde 2021-08-31 10:51:20.
2025-07-25 10:36:26,793 - INFO - Log de envio criado para leito UCINCO002 com id 6063.
2025-07-25 10:36:26,796 - INFO - Log de resposta atualizado para id 6063.
2025-07-25 10:36:26,799 - INFO - Leito UCINCO002 inserido na base local.
2025-07-25 10:36:26,801 - INFO - Leito UCINCO004 está ATIVO desde 2021-08-31 10:51:20.
2025-07-25 10:36:26,803 - INFO - Log de envio criado para leito UCINCO004 com id 6064.
2025-07-25 10:36:26,807 - INFO - Log de resposta atualizado para id 6064.
2025-07-25 10:36:26,810 - INFO - Leito UCINCO004 inserido na base local.
2025-07-25 10:36:26,811 - INFO - Leito HEMATO003 está ATIVO desde 2021-06-16 14:20:47.
2025-07-25 10:36:26,815 - INFO - Log de envio criado para leito HEMATO003 com id 6065.
2025-07-25 10:36:26,819 - INFO - Log de resposta atualizado para id 6065.
2025-07-25 10:36:26,822 - INFO - Leito HEMATO003 inserido na base local.
2025-07-25 10:36:26,823 - INFO - Leito CCEMI008 está ATIVO desde 2021-06-16 11:32:33.
2025-07-25 10:36:26,826 - INFO - Log de envio criado para leito CCEMI008 com id 6066.
2025-07-25 10:36:26,830 - INFO - Log de resposta atualizado para id 6066.
2025-07-25 10:36:26,832 - INFO - Leito CCEMI008 inserido na base local.
2025-07-25 10:36:26,834 - INFO - Leito DIP003 está ATIVO desde 2021-06-15 14:59:04.
2025-07-25 10:36:26,836 - INFO - Log de envio criado para leito DIP003 com id 6067.
2025-07-25 10:36:26,840 - INFO - Log de resposta atualizado para id 6067.
2025-07-25 10:36:26,843 - INFO - Leito DIP003 inserido na base local.
2025-07-25 10:36:26,844 - INFO - Leito DIP005 está ATIVO desde 2021-06-15 14:59:05.
2025-07-25 10:36:26,847 - INFO - Log de envio criado para leito DIP005 com id 6068.
2025-07-25 10:36:26,852 - INFO - Log de resposta atualizado para id 6068.
2025-07-25 10:36:26,856 - INFO - Leito DIP005 inserido na base local.
2025-07-25 10:36:26,857 - INFO - Leito UCINCO003 está ATIVO desde 2021-08-31 10:51:20.
2025-07-25 10:36:26,861 - INFO - Log de envio criado para leito UCINCO003 com id 6069.
2025-07-25 10:36:26,865 - INFO - Log de resposta atualizado para id 6069.
2025-07-25 10:36:26,868 - INFO - Leito UCINCO003 inserido na base local.
2025-07-25 10:36:26,898 - WARNING - Leito UPG012 INATIVO, com data de criacao em 2025-01-03 10:43:49.341000
2025-07-25 10:36:26,901 - INFO - Leito UPG012 inserido na base local.
2025-07-25 10:36:26,932 - WARNING - Leito UPG013 INATIVO, com data de criacao em 2025-01-03 10:43:49.362000
2025-07-25 10:36:26,936 - INFO - Leito UPG013 inserido na base local.
2025-07-25 10:36:26,937 - INFO - Leito CCM011 está ATIVO desde 2021-06-16 14:30:14.
2025-07-25 10:36:26,939 - INFO - Log de envio criado para leito CCM011 com id 6070.
2025-07-25 10:36:26,942 - INFO - Log de resposta atualizado para id 6070.
2025-07-25 10:36:26,945 - INFO - Leito CCM011 inserido na base local.
2025-07-25 10:36:26,979 - WARNING - Leito UPG014 INATIVO, com data de criacao em 2025-01-03 10:43:49.384000
2025-07-25 10:36:26,983 - INFO - Leito UPG014 inserido na base local.
2025-07-25 10:36:27,011 - WARNING - Leito UPG015 INATIVO, com data de criacao em 2025-01-03 10:43:49.406000
2025-07-25 10:36:27,015 - INFO - Leito UPG015 inserido na base local.
2025-07-25 10:36:27,017 - INFO - Leito CCM003 está ATIVO desde 2021-06-16 14:30:14.
2025-07-25 10:36:27,020 - INFO - Log de envio criado para leito CCM003 com id 6071.
2025-07-25 10:36:27,024 - INFO - Log de resposta atualizado para id 6071.
2025-07-25 10:36:27,028 - INFO - Leito CCM003 inserido na base local.
2025-07-25 10:36:27,029 - INFO - Leito CCF001 está ATIVO desde 2020-11-03 12:06:19.
2025-07-25 10:36:27,033 - INFO - Log de envio criado para leito CCF001 com id 6072.
2025-07-25 10:36:27,036 - INFO - Log de resposta atualizado para id 6072.
2025-07-25 10:36:27,040 - INFO - Leito CCF001 inserido na base local.
2025-07-25 10:36:27,041 - WARNING - Leito OBST013 INATIVO, com data de criacao em 2021-08-31 10:22:08.092000
2025-07-25 10:36:27,045 - INFO - Leito OBST013 inserido na base local.
2025-07-25 10:36:27,046 - WARNING - Leito OBST015 INATIVO, com data de criacao em 2022-02-08 11:47:50.108000
2025-07-25 10:36:27,049 - INFO - Leito OBST015 inserido na base local.
2025-07-25 10:36:27,050 - WARNING - Leito OBST019 INATIVO, com data de criacao em 2022-02-08 11:47:50.209000
2025-07-25 10:36:27,053 - INFO - Leito OBST019 inserido na base local.
2025-07-25 10:36:27,075 - INFO - Leito CC AMB001 está ATIVO desde 2024-04-17 13:17:41.
2025-07-25 10:36:27,079 - INFO - Log de envio criado para leito CC AMB001 com id 6073.
2025-07-25 10:36:27,083 - INFO - Log de resposta atualizado para id 6073.
2025-07-25 10:36:27,086 - INFO - Leito CC AMB001 inserido na base local.
2025-07-25 10:36:27,088 - INFO - Leito CCEMI009 está ATIVO desde 2021-06-16 11:32:33.
2025-07-25 10:36:27,092 - INFO - Log de envio criado para leito CCEMI009 com id 6074.
2025-07-25 10:36:27,095 - INFO - Log de resposta atualizado para id 6074.
2025-07-25 10:36:27,099 - INFO - Leito CCEMI009 inserido na base local.
2025-07-25 10:36:27,118 - INFO - Leito CC AMB002 está ATIVO desde 2024-04-17 13:17:41.
2025-07-25 10:36:27,122 - INFO - Log de envio criado para leito CC AMB002 com id 6075.
2025-07-25 10:36:27,126 - INFO - Log de resposta atualizado para id 6075.
2025-07-25 10:36:27,130 - INFO - Leito CC AMB002 inserido na base local.
2025-07-25 10:36:27,159 - WARNING - Leito UPG016 INATIVO, com data de criacao em 2025-01-03 10:43:49.427000
2025-07-25 10:36:27,163 - INFO - Leito UPG016 inserido na base local.
2025-07-25 10:36:27,181 - WARNING - Leito CC AMB003 INATIVO, com data de criacao em 2024-04-17 13:17:41.089000
2025-07-25 10:36:27,185 - INFO - Leito CC AMB003 inserido na base local.
2025-07-25 10:36:27,214 - WARNING - Leito UPG017 INATIVO, com data de criacao em 2025-01-03 10:43:49.450000
2025-07-25 10:36:27,228 - INFO - Leito UPG017 inserido na base local.
2025-07-25 10:36:27,229 - INFO - Leito 6º CMM008 está ATIVO desde 2021-06-15 14:02:46.
2025-07-25 10:36:27,255 - INFO - Log de envio criado para leito 6º CMM008 com id 6076.
2025-07-25 10:36:27,263 - INFO - Log de resposta atualizado para id 6076.
2025-07-25 10:36:27,267 - INFO - Leito 6º CMM008 inserido na base local.
2025-07-25 10:36:27,269 - INFO - Leito DIP001 está ATIVO desde 2021-06-14 17:21:03.
2025-07-25 10:36:27,273 - INFO - Log de envio criado para leito DIP001 com id 6077.
2025-07-25 10:36:27,276 - INFO - Log de resposta atualizado para id 6077.
2025-07-25 10:36:27,280 - INFO - Leito DIP001 inserido na base local.
2025-07-25 10:36:27,309 - WARNING - Leito UPG018 INATIVO, com data de criacao em 2025-01-03 10:43:49.472000
2025-07-25 10:36:27,313 - INFO - Leito UPG018 inserido na base local.
2025-07-25 10:36:27,314 - INFO - Leito HEMATO005 está ATIVO desde 2021-06-16 14:20:47.
2025-07-25 10:36:27,318 - INFO - Log de envio criado para leito HEMATO005 com id 6078.
2025-07-25 10:36:27,322 - INFO - Log de resposta atualizado para id 6078.
2025-07-25 10:36:27,325 - INFO - Leito HEMATO005 inserido na base local.
2025-07-25 10:36:27,326 - INFO - Leito HOSPDIA005 está ATIVO desde 2022-02-15 17:29:47.
2025-07-25 10:36:27,329 - INFO - Log de envio criado para leito HOSPDIA005 com id 6079.
2025-07-25 10:36:27,332 - INFO - Log de resposta atualizado para id 6079.
2025-07-25 10:36:27,335 - INFO - Leito HOSPDIA005 inserido na base local.
2025-07-25 10:36:27,336 - INFO - Leito CCEMI007 está ATIVO desde 2022-05-25 17:28:00.
2025-07-25 10:36:27,341 - INFO - Log de envio criado para leito CCEMI007 com id 6080.
2025-07-25 10:36:27,344 - INFO - Log de resposta atualizado para id 6080.
2025-07-25 10:36:27,348 - INFO - Leito CCEMI007 inserido na base local.
2025-07-25 10:36:27,376 - WARNING - Leito UPG009 INATIVO, com data de criacao em 2025-01-03 10:43:49.230000
2025-07-25 10:36:27,380 - INFO - Leito UPG009 inserido na base local.
2025-07-25 10:36:27,382 - INFO - Leito HEMATO006 está ATIVO desde 2021-06-16 14:20:47.
2025-07-25 10:36:27,386 - INFO - Log de envio criado para leito HEMATO006 com id 6081.
2025-07-25 10:36:27,389 - INFO - Log de resposta atualizado para id 6081.
2025-07-25 10:36:27,394 - INFO - Leito HEMATO006 inserido na base local.
2025-07-25 10:36:27,396 - INFO - Leito DIP006 está ATIVO desde 2021-06-15 14:59:05.
2025-07-25 10:36:27,399 - INFO - Log de envio criado para leito DIP006 com id 6082.
2025-07-25 10:36:27,403 - INFO - Log de resposta atualizado para id 6082.
2025-07-25 10:36:27,407 - INFO - Leito DIP006 inserido na base local.
2025-07-25 10:36:27,409 - WARNING - Leito UTIN007 INATIVO, com data de criacao em 2022-05-27 17:10:00
2025-07-25 10:36:27,413 - INFO - Leito UTIN007 inserido na base local.
2025-07-25 10:36:27,440 - WARNING - Leito UPG.UV002 INATIVO, com data de criacao em 2025-01-14 14:59:41.662000
2025-07-25 10:36:27,445 - INFO - Leito UPG.UV002 inserido na base local.
2025-07-25 10:36:27,447 - INFO - Leito OBST007 está ATIVO desde 2022-04-14 16:10:00.
2025-07-25 10:36:27,451 - INFO - Log de envio criado para leito OBST007 com id 6083.
2025-07-25 10:36:27,457 - INFO - Log de resposta atualizado para id 6083.
2025-07-25 10:36:27,466 - INFO - Leito OBST007 inserido na base local.
2025-07-25 10:36:27,467 - INFO - Leito 6º CMM012 está ATIVO desde 2021-06-15 14:02:46.
2025-07-25 10:36:27,471 - INFO - Log de envio criado para leito 6º CMM012 com id 6084.
2025-07-25 10:36:27,479 - INFO - Log de resposta atualizado para id 6084.
2025-07-25 10:36:27,483 - INFO - Leito 6º CMM012 inserido na base local.
2025-07-25 10:36:27,485 - INFO - Leito BOX009 está ATIVO desde 2021-09-01 11:56:50.
2025-07-25 10:36:27,490 - INFO - Log de envio criado para leito BOX009 com id 6085.
2025-07-25 10:36:27,493 - INFO - Log de resposta atualizado para id 6085.
2025-07-25 10:36:27,497 - INFO - Leito BOX009 inserido na base local.
2025-07-25 10:36:27,498 - INFO - Leito CTI I006 está ATIVO desde 2021-06-16 09:55:44.
2025-07-25 10:36:27,502 - INFO - Log de envio criado para leito CTI I006 com id 6086.
2025-07-25 10:36:27,506 - INFO - Log de resposta atualizado para id 6086.
2025-07-25 10:36:27,509 - INFO - Leito CTI I006 inserido na base local.
2025-07-25 10:36:27,537 - WARNING - Leito UPG.UV003 INATIVO, com data de criacao em 2025-01-14 14:59:41.705000
2025-07-25 10:36:27,543 - INFO - Leito UPG.UV003 inserido na base local.
2025-07-25 10:36:27,544 - INFO - Leito OBSTPPP001 está ATIVO desde 2021-08-31 10:42:16.
2025-07-25 10:36:27,553 - INFO - Log de envio criado para leito OBSTPPP001 com id 6087.
2025-07-25 10:36:27,559 - INFO - Log de resposta atualizado para id 6087.
2025-07-25 10:36:27,567 - INFO - Leito OBSTPPP001 inserido na base local.
2025-07-25 10:36:27,568 - INFO - Leito CTI I008 está ATIVO desde 2021-06-16 09:55:44.
2025-07-25 10:36:27,574 - INFO - Log de envio criado para leito CTI I008 com id 6088.
2025-07-25 10:36:27,577 - INFO - Log de resposta atualizado para id 6088.
2025-07-25 10:36:27,580 - INFO - Leito CTI I008 inserido na base local.
2025-07-25 10:36:27,607 - WARNING - Leito UPG.UV004 INATIVO, com data de criacao em 2025-01-14 14:59:41.742000
2025-07-25 10:36:27,612 - INFO - Leito UPG.UV004 inserido na base local.
2025-07-25 10:36:27,614 - INFO - Leito DIP002 está ATIVO desde 2021-06-15 14:59:04.
2025-07-25 10:36:27,617 - INFO - Log de envio criado para leito DIP002 com id 6089.
2025-07-25 10:36:27,620 - INFO - Log de resposta atualizado para id 6089.
2025-07-25 10:36:27,627 - INFO - Leito DIP002 inserido na base local.
2025-07-25 10:36:27,629 - INFO - Leito CCEMI006 está ATIVO desde 2021-06-16 11:32:33.
2025-07-25 10:36:27,632 - INFO - Log de envio criado para leito CCEMI006 com id 6090.
2025-07-25 10:36:27,637 - INFO - Log de resposta atualizado para id 6090.
2025-07-25 10:36:27,641 - INFO - Leito CCEMI006 inserido na base local.
2025-07-25 10:36:27,642 - INFO - Leito OBST006 está ATIVO desde 2022-03-25 13:40:00.
2025-07-25 10:36:27,649 - INFO - Log de envio criado para leito OBST006 com id 6091.
2025-07-25 10:36:27,652 - INFO - Log de resposta atualizado para id 6091.
2025-07-25 10:36:27,657 - INFO - Leito OBST006 inserido na base local.
2025-07-25 10:36:27,658 - INFO - Leito HEMATO004 está ATIVO desde 2021-06-16 14:20:47.
2025-07-25 10:36:27,661 - INFO - Log de envio criado para leito HEMATO004 com id 6092.
2025-07-25 10:36:27,667 - INFO - Log de resposta atualizado para id 6092.
2025-07-25 10:36:27,674 - INFO - Leito HEMATO004 inserido na base local.
2025-07-25 10:36:27,676 - INFO - Leito CCM007 está ATIVO desde 2021-06-16 14:30:14.
2025-07-25 10:36:27,684 - INFO - Log de envio criado para leito CCM007 com id 6093.
2025-07-25 10:36:27,691 - INFO - Log de resposta atualizado para id 6093.
2025-07-25 10:36:27,696 - INFO - Leito CCM007 inserido na base local.
2025-07-25 10:36:27,697 - INFO - Leito CCM013 está ATIVO desde 2021-06-16 14:30:14.
2025-07-25 10:36:27,701 - INFO - Log de envio criado para leito CCM013 com id 6094.
2025-07-25 10:36:27,710 - INFO - Log de resposta atualizado para id 6094.
2025-07-25 10:36:27,715 - INFO - Leito CCM013 inserido na base local.
2025-07-25 10:36:27,747 - WARNING - Leito UPG010 INATIVO, com data de criacao em 2025-01-03 10:43:49.294000
2025-07-25 10:36:27,751 - INFO - Leito UPG010 inserido na base local.
2025-07-25 10:36:27,753 - INFO - Leito CCF016 está ATIVO desde 2021-09-01 09:05:31.
2025-07-25 10:36:27,757 - INFO - Log de envio criado para leito CCF016 com id 6095.
2025-07-25 10:36:27,765 - INFO - Log de resposta atualizado para id 6095.
2025-07-25 10:36:27,768 - INFO - Leito CCF016 inserido na base local.
2025-07-25 10:36:27,770 - WARNING - Leito UTIN006 INATIVO, com data de criacao em 2020-05-13 10:37:02.502000
2025-07-25 10:36:27,773 - INFO - Leito UTIN006 inserido na base local.
2025-07-25 10:36:27,801 - WARNING - Leito OBRISCO.UV001 INATIVO, com data de criacao em 2025-01-03 14:20:20.920000
2025-07-25 10:36:27,806 - INFO - Leito OBRISCO.UV001 inserido na base local.
2025-07-25 10:36:27,833 - WARNING - Leito OBRISCO.UV002 INATIVO, com data de criacao em 2025-01-03 14:20:20.954000
2025-07-25 10:36:27,837 - INFO - Leito OBRISCO.UV002 inserido na base local.
2025-07-25 10:36:27,839 - WARNING - Leito HOSPDIA5HD05 INATIVO, com data de criacao em 2022-06-22 09:58:15.285000
2025-07-25 10:36:27,843 - INFO - Leito HOSPDIA5HD05 inserido na base local.
2025-07-25 10:36:27,845 - WARNING - Leito HOSPDIA5HD06 INATIVO, com data de criacao em 2022-06-22 09:58:15.316000
2025-07-25 10:36:27,848 - INFO - Leito HOSPDIA5HD06 inserido na base local.
2025-07-25 10:36:27,850 - WARNING - Leito HOSPDIA5HD07 INATIVO, com data de criacao em 2022-06-22 09:58:15.346000
2025-07-25 10:36:27,853 - INFO - Leito HOSPDIA5HD07 inserido na base local.
2025-07-25 10:36:27,855 - WARNING - Leito HOSPDIA5HD08 INATIVO, com data de criacao em 2022-06-22 09:58:15.376000
2025-07-25 10:36:27,858 - INFO - Leito HOSPDIA5HD08 inserido na base local.
2025-07-25 10:36:27,860 - WARNING - Leito HOSPDIA5HD04 INATIVO, com data de criacao em 2022-06-22 09:58:15.253000
2025-07-25 10:36:27,863 - INFO - Leito HOSPDIA5HD04 inserido na base local.
2025-07-25 10:36:27,890 - WARNING - Leito OBRISCO.UV003 INATIVO, com data de criacao em 2025-01-03 14:20:21.007000
2025-07-25 10:36:27,893 - INFO - Leito OBRISCO.UV003 inserido na base local.
2025-07-25 10:36:27,920 - WARNING - Leito OBRISCO.UV004 INATIVO, com data de criacao em 2025-01-03 14:20:21.041000
2025-07-25 10:36:27,924 - INFO - Leito OBRISCO.UV004 inserido na base local.
2025-07-25 10:36:27,926 - INFO - Leito CCEMI010 está ATIVO desde 2021-06-16 11:32:33.
2025-07-25 10:36:27,929 - INFO - Log de envio criado para leito CCEMI010 com id 6096.
2025-07-25 10:36:27,932 - INFO - Log de resposta atualizado para id 6096.
2025-07-25 10:36:27,945 - INFO - Leito CCEMI010 inserido na base local.
2025-07-25 10:36:27,947 - WARNING - Leito EMERGPED001 INATIVO, com data de criacao em 2021-09-01 09:23:54.112000
2025-07-25 10:36:27,950 - INFO - Leito EMERGPED001 inserido na base local.
2025-07-25 10:36:27,952 - WARNING - Leito EMERGPED002 INATIVO, com data de criacao em 2021-09-01 09:23:54.126000
2025-07-25 10:36:27,955 - INFO - Leito EMERGPED002 inserido na base local.
2025-07-25 10:36:27,956 - WARNING - Leito EMERGPED003 INATIVO, com data de criacao em 2021-09-01 09:23:54.136000
2025-07-25 10:36:27,959 - INFO - Leito EMERGPED003 inserido na base local.
2025-07-25 10:36:27,986 - WARNING - Leito OBRISCO.UV005 INATIVO, com data de criacao em 2025-01-03 14:20:21.078000
2025-07-25 10:36:27,990 - INFO - Leito OBRISCO.UV005 inserido na base local.
2025-07-25 10:36:28,016 - WARNING - Leito OBRISCO.UV006 INATIVO, com data de criacao em 2025-01-03 14:20:21.113000
2025-07-25 10:36:28,020 - INFO - Leito OBRISCO.UV006 inserido na base local.
2025-07-25 10:36:28,045 - WARNING - Leito OBRISCO.UV007 INATIVO, com data de criacao em 2025-01-03 14:20:21.147000
2025-07-25 10:36:28,049 - INFO - Leito OBRISCO.UV007 inserido na base local.
2025-07-25 10:36:28,051 - WARNING - Leito PED011 INATIVO, com data de criacao em 2021-09-01 09:28:12.054000
2025-07-25 10:36:28,054 - INFO - Leito PED011 inserido na base local.
2025-07-25 10:36:28,055 - WARNING - Leito PED012 INATIVO, com data de criacao em 2021-09-01 09:28:12.066000
2025-07-25 10:36:28,058 - INFO - Leito PED012 inserido na base local.
2025-07-25 10:36:28,084 - WARNING - Leito OBRISCO.UV008 INATIVO, com data de criacao em 2025-01-03 14:20:21.183000
2025-07-25 10:36:28,089 - INFO - Leito OBRISCO.UV008 inserido na base local.
2025-07-25 10:36:28,090 - INFO - Leito UCINCO001 está ATIVO desde 2021-08-31 10:51:20.
2025-07-25 10:36:28,094 - INFO - Log de envio criado para leito UCINCO001 com id 6097.
2025-07-25 10:36:28,098 - INFO - Log de resposta atualizado para id 6097.
2025-07-25 10:36:28,101 - INFO - Leito UCINCO001 inserido na base local.
2025-07-25 10:36:28,103 - WARNING - Leito OBST010 INATIVO, com data de criacao em 2021-08-31 10:22:08.007000
2025-07-25 10:36:28,106 - INFO - Leito OBST010 inserido na base local.
2025-07-25 10:36:28,107 - WARNING - Leito OBST014 INATIVO, com data de criacao em 2022-02-08 11:47:50.048000
2025-07-25 10:36:28,111 - INFO - Leito OBST014 inserido na base local.
2025-07-25 10:36:28,112 - WARNING - Leito OBST016 INATIVO, com data de criacao em 2022-02-08 11:47:50.137000
2025-07-25 10:36:28,115 - INFO - Leito OBST016 inserido na base local.
2025-07-25 10:36:28,117 - WARNING - Leito OBST017 INATIVO, com data de criacao em 2022-02-08 11:47:50.162000
2025-07-25 10:36:28,121 - INFO - Leito OBST017 inserido na base local.
2025-07-25 10:36:28,122 - WARNING - Leito OBST018 INATIVO, com data de criacao em 2022-02-08 11:47:50.186000
2025-07-25 10:36:28,126 - INFO - Leito OBST018 inserido na base local.
2025-07-25 10:36:28,127 - WARNING - Leito OBST020 INATIVO, com data de criacao em 2022-02-08 11:47:50.230000
2025-07-25 10:36:28,130 - INFO - Leito OBST020 inserido na base local.
2025-07-25 10:36:28,131 - INFO - Leito HEMATO009 está ATIVO desde 2021-09-01 09:50:31.
2025-07-25 10:36:28,135 - INFO - Log de envio criado para leito HEMATO009 com id 6098.
2025-07-25 10:36:28,138 - INFO - Log de resposta atualizado para id 6098.
2025-07-25 10:36:28,149 - INFO - Leito HEMATO009 inserido na base local.
2025-07-25 10:36:28,151 - WARNING - Leito OFT007 INATIVO, com data de criacao em 2021-09-01 09:34:42.667000
2025-07-25 10:36:28,155 - INFO - Leito OFT007 inserido na base local.
2025-07-25 10:36:28,156 - WARNING - Leito OFT008 INATIVO, com data de criacao em 2021-09-01 09:34:42.682000
2025-07-25 10:36:28,160 - INFO - Leito OFT008 inserido na base local.
2025-07-25 10:36:28,162 - WARNING - Leito OFT009 INATIVO, com data de criacao em 2021-09-01 09:34:42.697000
2025-07-25 10:36:28,166 - INFO - Leito OFT009 inserido na base local.
2025-07-25 10:36:28,169 - WARNING - Leito OFT010 INATIVO, com data de criacao em 2021-09-01 09:34:42.711000
2025-07-25 10:36:28,173 - INFO - Leito OFT010 inserido na base local.
2025-07-25 10:36:28,175 - WARNING - Leito UTI II005 INATIVO, com data de criacao em 2021-09-01 10:37:30.716000
2025-07-25 10:36:28,179 - INFO - Leito UTI II005 inserido na base local.
2025-07-25 10:36:28,181 - WARNING - Leito TRANSRENAL001 INATIVO, com data de criacao em 2021-09-01 09:45:32.941000
2025-07-25 10:36:28,184 - INFO - Leito TRANSRENAL001 inserido na base local.
2025-07-25 10:36:28,186 - WARNING - Leito TRANSRENAL002 INATIVO, com data de criacao em 2021-09-01 09:45:32.953000
2025-07-25 10:36:28,190 - INFO - Leito TRANSRENAL002 inserido na base local.
2025-07-25 10:36:28,192 - WARNING - Leito TRANSRENAL003 INATIVO, com data de criacao em 2021-09-01 09:45:32.962000
2025-07-25 10:36:28,195 - INFO - Leito TRANSRENAL003 inserido na base local.
2025-07-25 10:36:28,197 - WARNING - Leito TRANSRENAL004 INATIVO, com data de criacao em 2021-09-01 09:45:32.972000
2025-07-25 10:36:28,200 - INFO - Leito TRANSRENAL004 inserido na base local.
2025-07-25 10:36:28,202 - WARNING - Leito TRANSRENAL005 INATIVO, com data de criacao em 2021-09-01 09:45:32.982000
2025-07-25 10:36:28,205 - INFO - Leito TRANSRENAL005 inserido na base local.
2025-07-25 10:36:28,207 - WARNING - Leito TRANSRENAL006 INATIVO, com data de criacao em 2021-09-01 09:45:32.996000
2025-07-25 10:36:28,211 - INFO - Leito TRANSRENAL006 inserido na base local.
2025-07-25 10:36:28,212 - WARNING - Leito HEMATO015 INATIVO, com data de criacao em 2021-09-01 09:50:31.740000
2025-07-25 10:36:28,216 - INFO - Leito HEMATO015 inserido na base local.
2025-07-25 10:36:28,243 - WARNING - Leito OBRISCO.UV009 INATIVO, com data de criacao em 2025-01-03 14:20:21.215000
2025-07-25 10:36:28,247 - INFO - Leito OBRISCO.UV009 inserido na base local.
2025-07-25 10:36:28,249 - WARNING - Leito HEMATO013 INATIVO, com data de criacao em 2021-09-01 09:50:31.716000
2025-07-25 10:36:28,252 - INFO - Leito HEMATO013 inserido na base local.
2025-07-25 10:36:28,253 - WARNING - Leito HEMATO014 INATIVO, com data de criacao em 2021-09-01 09:50:31.728000
2025-07-25 10:36:28,256 - INFO - Leito HEMATO014 inserido na base local.
2025-07-25 10:36:28,282 - WARNING - Leito OBRISCO.UV010 INATIVO, com data de criacao em 2025-01-03 14:20:21.246000
2025-07-25 10:36:28,286 - INFO - Leito OBRISCO.UV010 inserido na base local.
2025-07-25 10:36:28,288 - INFO - Leito UCO009 está ATIVO desde 2021-06-16 14:18:54.
2025-07-25 10:36:28,292 - INFO - Log de envio criado para leito UCO009 com id 6099.
2025-07-25 10:36:28,297 - INFO - Log de resposta atualizado para id 6099.
2025-07-25 10:36:28,301 - INFO - Leito UCO009 inserido na base local.
2025-07-25 10:36:28,303 - WARNING - Leito UTI II006 INATIVO, com data de criacao em 2021-09-01 10:37:30.752000
2025-07-25 10:36:28,308 - INFO - Leito UTI II006 inserido na base local.
2025-07-25 10:36:28,310 - WARNING - Leito UTI II007 INATIVO, com data de criacao em 2021-09-01 10:37:30.784000
2025-07-25 10:36:28,313 - INFO - Leito UTI II007 inserido na base local.
2025-07-25 10:36:28,315 - WARNING - Leito UTI II008 INATIVO, com data de criacao em 2021-09-01 10:37:30.817000
2025-07-25 10:36:28,318 - INFO - Leito UTI II008 inserido na base local.
2025-07-25 10:36:28,320 - INFO - Leito UCO005 está ATIVO desde 2021-06-16 14:18:54.
2025-07-25 10:36:28,324 - INFO - Log de envio criado para leito UCO005 com id 6100.
2025-07-25 10:36:28,328 - INFO - Log de resposta atualizado para id 6100.
2025-07-25 10:36:28,331 - INFO - Leito UCO005 inserido na base local.
2025-07-25 10:36:28,333 - INFO - Leito UTIN003 está ATIVO desde 2020-05-13 10:37:02.
2025-07-25 10:36:28,337 - INFO - Log de envio criado para leito UTIN003 com id 6101.
2025-07-25 10:36:28,343 - INFO - Log de resposta atualizado para id 6101.
2025-07-25 10:36:28,346 - INFO - Leito UTIN003 inserido na base local.
2025-07-25 10:36:28,348 - INFO - Leito OFT002 está ATIVO desde 2022-05-30 12:03:00.
2025-07-25 10:36:28,360 - INFO - Log de envio criado para leito OFT002 com id 6102.
2025-07-25 10:36:28,365 - INFO - Log de resposta atualizado para id 6102.
2025-07-25 10:36:28,368 - INFO - Leito OFT002 inserido na base local.
2025-07-25 10:36:28,369 - WARNING - Leito UCINCO008 INATIVO, com data de criacao em 2021-08-31 10:51:20.796000
2025-07-25 10:36:28,373 - INFO - Leito UCINCO008 inserido na base local.
2025-07-25 10:36:28,375 - INFO - Leito HEMATO011 está ATIVO desde 2021-09-01 09:50:31.
2025-07-25 10:36:28,378 - INFO - Log de envio criado para leito HEMATO011 com id 6103.
2025-07-25 10:36:28,382 - INFO - Log de resposta atualizado para id 6103.
2025-07-25 10:36:28,386 - INFO - Leito HEMATO011 inserido na base local.
2025-07-25 10:36:28,388 - INFO - Leito CCM001 está ATIVO desde 2021-06-14 16:12:26.
2025-07-25 10:36:28,392 - INFO - Log de envio criado para leito CCM001 com id 6104.
2025-07-25 10:36:28,396 - INFO - Log de resposta atualizado para id 6104.
2025-07-25 10:36:28,399 - INFO - Leito CCM001 inserido na base local.
2025-07-25 10:36:28,401 - INFO - Leito CD003 está ATIVO desde 2021-06-16 13:54:01.
2025-07-25 10:36:28,404 - INFO - Log de envio criado para leito CD003 com id 6105.
2025-07-25 10:36:28,407 - INFO - Log de resposta atualizado para id 6105.
2025-07-25 10:36:28,411 - INFO - Leito CD003 inserido na base local.
2025-07-25 10:36:28,412 - INFO - Leito CCF013 está ATIVO desde 2021-06-16 13:51:10.
2025-07-25 10:36:28,415 - INFO - Log de envio criado para leito CCF013 com id 6106.
2025-07-25 10:36:28,419 - INFO - Log de resposta atualizado para id 6106.
2025-07-25 10:36:28,422 - INFO - Leito CCF013 inserido na base local.
2025-07-25 10:36:28,424 - INFO - Leito HEMATO010 está ATIVO desde 2021-09-01 09:50:31.
2025-07-25 10:36:28,427 - INFO - Log de envio criado para leito HEMATO010 com id 6107.
2025-07-25 10:36:28,431 - INFO - Log de resposta atualizado para id 6107.
2025-07-25 10:36:28,434 - INFO - Leito HEMATO010 inserido na base local.
2025-07-25 10:36:28,435 - INFO - Leito BOX008 está ATIVO desde 2021-09-01 11:56:50.
2025-07-25 10:36:28,439 - INFO - Log de envio criado para leito BOX008 com id 6108.
2025-07-25 10:36:28,443 - INFO - Log de resposta atualizado para id 6108.
2025-07-25 10:36:28,445 - INFO - Leito BOX008 inserido na base local.
2025-07-25 10:36:28,461 - INFO - Leito UPG004 está ATIVO desde 2024-01-15 14:01:00.
2025-07-25 10:36:28,471 - INFO - Log de envio criado para leito UPG004 com id 6109.
2025-07-25 10:36:28,476 - INFO - Log de resposta atualizado para id 6109.
2025-07-25 10:36:28,480 - INFO - Leito UPG004 inserido na base local.
2025-07-25 10:36:28,481 - INFO - Leito 6º CMM011 está ATIVO desde 2021-06-15 14:02:46.
2025-07-25 10:36:28,485 - INFO - Log de envio criado para leito 6º CMM011 com id 6110.
2025-07-25 10:36:28,488 - INFO - Log de resposta atualizado para id 6110.
2025-07-25 10:36:28,491 - INFO - Leito 6º CMM011 inserido na base local.
2025-07-25 10:36:28,492 - INFO - Leito CTI I005 está ATIVO desde 2021-06-16 09:55:44.
2025-07-25 10:36:28,495 - INFO - Log de envio criado para leito CTI I005 com id 6111.
2025-07-25 10:36:28,499 - INFO - Log de resposta atualizado para id 6111.
2025-07-25 10:36:28,502 - INFO - Leito CTI I005 inserido na base local.
2025-07-25 10:36:28,504 - INFO - Leito CCEMI013 está ATIVO desde 2021-06-16 11:32:33.
2025-07-25 10:36:28,507 - INFO - Log de envio criado para leito CCEMI013 com id 6112.
2025-07-25 10:36:28,510 - INFO - Log de resposta atualizado para id 6112.
2025-07-25 10:36:28,533 - INFO - Leito CCEMI013 inserido na base local.
2025-07-25 10:36:28,535 - INFO - Leito HEMATO008 está ATIVO desde 2021-09-01 09:50:31.
2025-07-25 10:36:28,558 - INFO - Log de envio criado para leito HEMATO008 com id 6113.
2025-07-25 10:36:28,562 - INFO - Log de resposta atualizado para id 6113.
2025-07-25 10:36:28,566 - INFO - Leito HEMATO008 inserido na base local.
2025-07-25 10:36:28,568 - INFO - Leito 6º CMM015 está ATIVO desde 2021-06-15 14:02:46.
2025-07-25 10:36:28,571 - INFO - Log de envio criado para leito 6º CMM015 com id 6114.
2025-07-25 10:36:28,575 - INFO - Log de resposta atualizado para id 6114.
2025-07-25 10:36:28,578 - INFO - Leito 6º CMM015 inserido na base local.
2025-07-25 10:36:28,607 - WARNING - Leito UPG.UV005 INATIVO, com data de criacao em 2025-01-14 14:59:41.775000
2025-07-25 10:36:28,611 - INFO - Leito UPG.UV005 inserido na base local.
2025-07-25 10:36:28,612 - WARNING - Leito HIPOADUL001 INATIVO, com data de criacao em 2021-09-01 11:47:59.330000
2025-07-25 10:36:28,616 - INFO - Leito HIPOADUL001 inserido na base local.
2025-07-25 10:36:28,643 - WARNING - Leito UPG.UV006 INATIVO, com data de criacao em 2025-01-14 14:59:41.808000
2025-07-25 10:36:28,647 - INFO - Leito UPG.UV006 inserido na base local.
2025-07-25 10:36:28,674 - WARNING - Leito UPG.UV007 INATIVO, com data de criacao em 2025-01-14 14:59:41.839000
2025-07-25 10:36:28,678 - INFO - Leito UPG.UV007 inserido na base local.
2025-07-25 10:36:28,706 - WARNING - Leito UPG.UV008 INATIVO, com data de criacao em 2025-01-14 14:59:41.869000
2025-07-25 10:36:28,710 - INFO - Leito UPG.UV008 inserido na base local.
2025-07-25 10:36:28,711 - INFO - Leito HEMATO002 está ATIVO desde 2021-06-16 14:20:47.
2025-07-25 10:36:28,715 - INFO - Log de envio criado para leito HEMATO002 com id 6115.
2025-07-25 10:36:28,719 - INFO - Log de resposta atualizado para id 6115.
2025-07-25 10:36:28,722 - INFO - Leito HEMATO002 inserido na base local.
2025-07-25 10:36:28,724 - INFO - Leito DIP009 está ATIVO desde 2021-06-15 14:59:05.
2025-07-25 10:36:28,727 - INFO - Log de envio criado para leito DIP009 com id 6116.
2025-07-25 10:36:28,731 - INFO - Log de resposta atualizado para id 6116.
2025-07-25 10:36:28,735 - INFO - Leito DIP009 inserido na base local.
2025-07-25 10:36:28,736 - INFO - Leito 6º CMM010 está ATIVO desde 2021-06-15 14:02:46.
2025-07-25 10:36:28,740 - INFO - Log de envio criado para leito 6º CMM010 com id 6117.
2025-07-25 10:36:28,744 - INFO - Log de resposta atualizado para id 6117.
2025-07-25 10:36:28,747 - INFO - Leito 6º CMM010 inserido na base local.
2025-07-25 10:36:28,748 - WARNING - Leito HIPOADUL002 INATIVO, com data de criacao em 2021-09-01 11:47:59.374000
2025-07-25 10:36:28,751 - INFO - Leito HIPOADUL002 inserido na base local.
2025-07-25 10:36:28,753 - WARNING - Leito HIPOADUL003 INATIVO, com data de criacao em 2021-09-01 11:47:59.412000
2025-07-25 10:36:28,755 - INFO - Leito HIPOADUL003 inserido na base local.
2025-07-25 10:36:28,757 - INFO - Leito 6º CMM004 está ATIVO desde 2021-06-15 12:29:48.
2025-07-25 10:36:28,759 - INFO - Log de envio criado para leito 6º CMM004 com id 6118.
2025-07-25 10:36:28,762 - INFO - Log de resposta atualizado para id 6118.
2025-07-25 10:36:28,765 - INFO - Leito 6º CMM004 inserido na base local.
2025-07-25 10:36:28,767 - WARNING - Leito UCINCA003 INATIVO, com data de criacao em 2021-08-31 10:53:44.498000
2025-07-25 10:36:28,769 - INFO - Leito UCINCA003 inserido na base local.
2025-07-25 10:36:28,771 - INFO - Leito UCINCO005 está ATIVO desde 2021-08-31 10:51:20.
2025-07-25 10:36:28,773 - INFO - Log de envio criado para leito UCINCO005 com id 6119.
2025-07-25 10:36:28,776 - INFO - Log de resposta atualizado para id 6119.
2025-07-25 10:36:28,778 - INFO - Leito UCINCO005 inserido na base local.
2025-07-25 10:36:28,779 - INFO - Leito PED008 está ATIVO desde 2021-09-01 09:28:12.
2025-07-25 10:36:28,783 - INFO - Log de envio criado para leito PED008 com id 6120.
2025-07-25 10:36:28,786 - INFO - Log de resposta atualizado para id 6120.
2025-07-25 10:36:28,788 - INFO - Leito PED008 inserido na base local.
2025-07-25 10:36:28,790 - WARNING - Leito HIPOCOVID001 INATIVO, com data de criacao em 2021-09-01 11:44:59.624000
2025-07-25 10:36:28,793 - INFO - Leito HIPOCOVID001 inserido na base local.
2025-07-25 10:36:28,794 - WARNING - Leito HIPOCOVID002 INATIVO, com data de criacao em 2021-09-01 11:44:59.665000
2025-07-25 10:36:28,799 - INFO - Leito HIPOCOVID002 inserido na base local.
2025-07-25 10:36:28,800 - WARNING - Leito HIPOCOVID003 INATIVO, com data de criacao em 2021-09-01 11:44:59.704000
2025-07-25 10:36:28,803 - INFO - Leito HIPOCOVID003 inserido na base local.
2025-07-25 10:36:28,804 - WARNING - Leito HIPOCOVID004 INATIVO, com data de criacao em 2021-09-01 11:44:59.746000
2025-07-25 10:36:28,807 - INFO - Leito HIPOCOVID004 inserido na base local.
2025-07-25 10:36:28,809 - WARNING - Leito HIPOCOVID005 INATIVO, com data de criacao em 2022-05-19 09:43:52.737000
2025-07-25 10:36:28,811 - INFO - Leito HIPOCOVID005 inserido na base local.
2025-07-25 10:36:28,813 - WARNING - Leito HIPOCOVID006 INATIVO, com data de criacao em 2022-05-19 09:43:52.763000
2025-07-25 10:36:28,816 - INFO - Leito HIPOCOVID006 inserido na base local.
2025-07-25 10:36:28,817 - WARNING - Leito OBST011 INATIVO, com data de criacao em 2021-08-31 10:22:08.043000
2025-07-25 10:36:28,821 - INFO - Leito OBST011 inserido na base local.
2025-07-25 10:36:28,822 - WARNING - Leito OBST012 INATIVO, com data de criacao em 2021-08-31 10:22:08.067000
2025-07-25 10:36:28,825 - INFO - Leito OBST012 inserido na base local.
2025-07-25 10:36:28,827 - INFO - Leito PED004 está ATIVO desde 2021-09-01 09:28:11.
2025-07-25 10:36:28,830 - INFO - Log de envio criado para leito PED004 com id 6121.
2025-07-25 10:36:28,832 - INFO - Log de resposta atualizado para id 6121.
2025-07-25 10:36:28,835 - INFO - Leito PED004 inserido na base local.
2025-07-25 10:36:28,836 - INFO - Leito PED009 está ATIVO desde 2021-09-01 09:28:12.
2025-07-25 10:36:28,839 - INFO - Log de envio criado para leito PED009 com id 6122.
2025-07-25 10:36:28,842 - INFO - Log de resposta atualizado para id 6122.
2025-07-25 10:36:28,844 - INFO - Leito PED009 inserido na base local.
2025-07-25 10:36:28,846 - WARNING - Leito HIPOADUL006 INATIVO, com data de criacao em 2021-09-01 11:47:59.485000
2025-07-25 10:36:28,849 - INFO - Leito HIPOADUL006 inserido na base local.
2025-07-25 10:36:28,875 - INFO - Leito OBST.UV003 está ATIVO desde 2025-01-03 13:51:51.
2025-07-25 10:36:28,878 - INFO - Log de envio criado para leito OBST.UV003 com id 6123.
2025-07-25 10:36:28,881 - INFO - Log de resposta atualizado para id 6123.
2025-07-25 10:36:28,883 - INFO - Leito OBST.UV003 inserido na base local.
2025-07-25 10:36:28,885 - WARNING - Leito OBST021 INATIVO, com data de criacao em 2022-02-08 11:47:50.254000
2025-07-25 10:36:28,887 - INFO - Leito OBST021 inserido na base local.
2025-07-25 10:36:28,888 - WARNING - Leito OBST022 INATIVO, com data de criacao em 2022-02-08 11:47:50.277000
2025-07-25 10:36:28,890 - INFO - Leito OBST022 inserido na base local.
2025-07-25 10:36:28,892 - INFO - Leito CCF014 está ATIVO desde 2021-06-16 13:51:10.
2025-07-25 10:36:28,894 - INFO - Log de envio criado para leito CCF014 com id 6124.
2025-07-25 10:36:28,897 - INFO - Log de resposta atualizado para id 6124.
2025-07-25 10:36:28,900 - INFO - Leito CCF014 inserido na base local.
2025-07-25 10:36:28,902 - INFO - Leito CD004 está ATIVO desde 2022-02-08 12:28:11.
2025-07-25 10:36:28,904 - INFO - Log de envio criado para leito CD004 com id 6125.
2025-07-25 10:36:28,907 - INFO - Log de resposta atualizado para id 6125.
2025-07-25 10:36:28,910 - INFO - Leito CD004 inserido na base local.
2025-07-25 10:36:28,912 - WARNING - Leito HIPOADUL004 INATIVO, com data de criacao em 2021-09-01 11:47:59.443000
2025-07-25 10:36:28,914 - INFO - Leito HIPOADUL004 inserido na base local.
2025-07-25 10:36:28,915 - WARNING - Leito HIPOADUL005 INATIVO, com data de criacao em 2021-09-01 11:47:59.474000
2025-07-25 10:36:28,928 - INFO - Leito HIPOADUL005 inserido na base local.
2025-07-25 10:36:28,930 - INFO - Leito 6º CMM009 está ATIVO desde 2021-06-15 14:02:46.
2025-07-25 10:36:28,933 - INFO - Log de envio criado para leito 6º CMM009 com id 6126.
2025-07-25 10:36:28,936 - INFO - Log de resposta atualizado para id 6126.
2025-07-25 10:36:28,940 - INFO - Leito 6º CMM009 inserido na base local.
2025-07-25 10:36:28,942 - WARNING - Leito DIP012 INATIVO, com data de criacao em 2022-02-14 12:27:21.791000
2025-07-25 10:36:28,944 - INFO - Leito DIP012 inserido na base local.
2025-07-25 10:36:28,946 - INFO - Leito UCO008 está ATIVO desde 2021-06-16 14:18:54.
2025-07-25 10:36:28,949 - INFO - Log de envio criado para leito UCO008 com id 6127.
2025-07-25 10:36:28,952 - INFO - Log de resposta atualizado para id 6127.
2025-07-25 10:36:28,955 - INFO - Leito UCO008 inserido na base local.
2025-07-25 10:36:28,956 - INFO - Leito CD002 está ATIVO desde 2021-06-16 13:54:01.
2025-07-25 10:36:28,959 - INFO - Log de envio criado para leito CD002 com id 6128.
2025-07-25 10:36:28,963 - INFO - Log de resposta atualizado para id 6128.
2025-07-25 10:36:28,966 - INFO - Leito CD002 inserido na base local.
2025-07-25 10:36:28,967 - INFO - Leito CTI I002 está ATIVO desde 2021-06-16 09:19:19.
2025-07-25 10:36:28,971 - INFO - Log de envio criado para leito CTI I002 com id 6129.
2025-07-25 10:36:28,974 - INFO - Log de resposta atualizado para id 6129.
2025-07-25 10:36:28,977 - INFO - Leito CTI I002 inserido na base local.
2025-07-25 10:36:28,978 - INFO - Leito 6º CMM001 está ATIVO desde 2021-06-14 16:00:34.
2025-07-25 10:36:28,981 - INFO - Log de envio criado para leito 6º CMM001 com id 6130.
2025-07-25 10:36:28,984 - INFO - Log de resposta atualizado para id 6130.
2025-07-25 10:36:28,987 - INFO - Leito 6º CMM001 inserido na base local.
2025-07-25 10:36:28,988 - INFO - Leito PED001 está ATIVO desde 2021-09-01 09:28:11.
2025-07-25 10:36:28,990 - INFO - Log de envio criado para leito PED001 com id 6131.
2025-07-25 10:36:28,993 - INFO - Log de resposta atualizado para id 6131.
2025-07-25 10:36:28,995 - INFO - Leito PED001 inserido na base local.
2025-07-25 10:36:28,996 - INFO - Leito PED005 está ATIVO desde 2021-09-01 09:28:11.
2025-07-25 10:36:28,999 - INFO - Log de envio criado para leito PED005 com id 6132.
2025-07-25 10:36:29,002 - INFO - Log de resposta atualizado para id 6132.
2025-07-25 10:36:29,004 - INFO - Leito PED005 inserido na base local.
2025-07-25 10:36:29,006 - WARNING - Leito UTIN008 INATIVO, com data de criacao em 2020-05-13 10:37:02.574000
2025-07-25 10:36:29,010 - INFO - Leito UTIN008 inserido na base local.
2025-07-25 10:36:29,012 - INFO - Leito UTIN005 está ATIVO desde 2020-05-13 10:37:02.
2025-07-25 10:36:29,014 - INFO - Log de envio criado para leito UTIN005 com id 6133.
2025-07-25 10:36:29,017 - INFO - Log de resposta atualizado para id 6133.
2025-07-25 10:36:29,020 - INFO - Leito UTIN005 inserido na base local.
2025-07-25 10:36:29,021 - INFO - Leito HEMATO007 está ATIVO desde 2021-06-16 14:20:47.
2025-07-25 10:36:29,023 - INFO - Log de envio criado para leito HEMATO007 com id 6134.
2025-07-25 10:36:29,027 - INFO - Log de resposta atualizado para id 6134.
2025-07-25 10:36:29,030 - INFO - Leito HEMATO007 inserido na base local.
2025-07-25 10:36:29,058 - INFO - Leito OBST.UV001 está ATIVO desde 2025-01-03 13:51:51.
2025-07-25 10:36:29,061 - INFO - Log de envio criado para leito OBST.UV001 com id 6135.
2025-07-25 10:36:29,064 - INFO - Log de resposta atualizado para id 6135.
2025-07-25 10:36:29,068 - INFO - Leito OBST.UV001 inserido na base local.
2025-07-25 10:36:29,069 - INFO - Leito OFT004 está ATIVO desde 2021-06-16 14:22:13.
2025-07-25 10:36:29,071 - INFO - Log de envio criado para leito OFT004 com id 6136.
2025-07-25 10:36:29,074 - INFO - Log de resposta atualizado para id 6136.
2025-07-25 10:36:29,075 - INFO - Leito OFT004 inserido na base local.
2025-07-25 10:36:29,077 - INFO - Leito DIP004 está ATIVO desde 2022-04-27 14:18:00.
2025-07-25 10:36:29,079 - INFO - Log de envio criado para leito DIP004 com id 6137.
2025-07-25 10:36:29,082 - INFO - Log de resposta atualizado para id 6137.
2025-07-25 10:36:29,084 - INFO - Leito DIP004 inserido na base local.
2025-07-25 10:36:29,085 - INFO - Leito CCM010 está ATIVO desde 2021-06-16 14:30:14.
2025-07-25 10:36:29,088 - INFO - Log de envio criado para leito CCM010 com id 6138.
2025-07-25 10:36:29,090 - INFO - Log de resposta atualizado para id 6138.
2025-07-25 10:36:29,093 - INFO - Leito CCM010 inserido na base local.
2025-07-25 10:36:29,094 - INFO - Leito CCM004 está ATIVO desde 2021-06-16 14:30:14.
2025-07-25 10:36:29,098 - INFO - Log de envio criado para leito CCM004 com id 6139.
2025-07-25 10:36:29,101 - INFO - Log de resposta atualizado para id 6139.
2025-07-25 10:36:29,103 - INFO - Leito CCM004 inserido na base local.
2025-07-25 10:36:29,130 - INFO - Leito OBST.UV002 está ATIVO desde 2025-01-03 13:51:51.
2025-07-25 10:36:29,133 - INFO - Log de envio criado para leito OBST.UV002 com id 6140.
2025-07-25 10:36:29,136 - INFO - Log de resposta atualizado para id 6140.
2025-07-25 10:36:29,141 - INFO - Leito OBST.UV002 inserido na base local.
2025-07-25 10:36:29,142 - INFO - Leito UPG003 está ATIVO desde 2021-09-01 10:45:18.
2025-07-25 10:36:29,144 - INFO - Log de envio criado para leito UPG003 com id 6141.
2025-07-25 10:36:29,147 - INFO - Log de resposta atualizado para id 6141.
2025-07-25 10:36:29,150 - INFO - Leito UPG003 inserido na base local.
2025-07-25 10:36:29,151 - INFO - Leito CCM002 está ATIVO desde 2021-06-16 14:30:14.
2025-07-25 10:36:29,154 - INFO - Log de envio criado para leito CCM002 com id 6142.
2025-07-25 10:36:29,157 - INFO - Log de resposta atualizado para id 6142.
2025-07-25 10:36:29,160 - INFO - Leito CCM002 inserido na base local.
2025-07-25 10:36:29,161 - INFO - Leito CD001 está ATIVO desde 2021-06-14 17:19:13.
2025-07-25 10:36:29,164 - INFO - Log de envio criado para leito CD001 com id 6143.
2025-07-25 10:36:29,168 - INFO - Log de resposta atualizado para id 6143.
2025-07-25 10:36:29,171 - INFO - Leito CD001 inserido na base local.
2025-07-25 10:36:29,173 - INFO - Leito PED007 está ATIVO desde 2022-05-17 00:02:00.
2025-07-25 10:36:29,175 - INFO - Log de envio criado para leito PED007 com id 6144.
2025-07-25 10:36:29,178 - INFO - Log de resposta atualizado para id 6144.
2025-07-25 10:36:29,180 - INFO - Leito PED007 inserido na base local.
2025-07-25 10:36:29,181 - INFO - Leito CCM015 está ATIVO desde 2021-06-16 14:30:14.
2025-07-25 10:36:29,184 - INFO - Log de envio criado para leito CCM015 com id 6145.
2025-07-25 10:36:29,187 - INFO - Log de resposta atualizado para id 6145.
2025-07-25 10:36:29,189 - INFO - Leito CCM015 inserido na base local.
2025-07-25 10:36:29,190 - INFO - Leito BOX003 está ATIVO desde 2021-09-01 11:56:50.
2025-07-25 10:36:29,193 - INFO - Log de envio criado para leito BOX003 com id 6146.
2025-07-25 10:36:29,196 - INFO - Log de resposta atualizado para id 6146.
2025-07-25 10:36:29,198 - INFO - Leito BOX003 inserido na base local.
2025-07-25 10:36:29,199 - INFO - Leito UCO007 está ATIVO desde 2021-06-16 14:18:54.
2025-07-25 10:36:29,202 - INFO - Log de envio criado para leito UCO007 com id 6147.
2025-07-25 10:36:29,206 - INFO - Log de resposta atualizado para id 6147.
2025-07-25 10:36:29,209 - INFO - Leito UCO007 inserido na base local.
2025-07-25 10:36:29,210 - WARNING - Leito HOSPDIA008 INATIVO, com data de criacao em 2022-02-15 17:29:48.056000
2025-07-25 10:36:29,214 - INFO - Leito HOSPDIA008 inserido na base local.
2025-07-25 10:36:29,214 - INFO - Leito DIP008 está ATIVO desde 2021-06-15 14:59:05.
2025-07-25 10:36:29,217 - INFO - Log de envio criado para leito DIP008 com id 6148.
2025-07-25 10:36:29,219 - INFO - Log de resposta atualizado para id 6148.
2025-07-25 10:36:29,221 - INFO - Leito DIP008 inserido na base local.
2025-07-25 10:36:29,222 - INFO - Leito PED010 está ATIVO desde 2021-09-01 09:28:12.
2025-07-25 10:36:29,225 - INFO - Log de envio criado para leito PED010 com id 6149.
2025-07-25 10:36:29,227 - INFO - Log de resposta atualizado para id 6149.
2025-07-25 10:36:29,230 - INFO - Leito PED010 inserido na base local.
2025-07-25 10:36:29,231 - WARNING - Leito HOSPDIA007 INATIVO, com data de criacao em 2022-02-15 17:29:48.027000
2025-07-25 10:36:29,233 - INFO - Leito HOSPDIA007 inserido na base local.
2025-07-25 10:36:29,234 - INFO - Leito CTI I003 está ATIVO desde 2021-06-16 09:55:44.
2025-07-25 10:36:29,236 - INFO - Log de envio criado para leito CTI I003 com id 6150.
2025-07-25 10:36:29,238 - INFO - Log de resposta atualizado para id 6150.
2025-07-25 10:36:29,241 - INFO - Leito CTI I003 inserido na base local.
2025-07-25 10:36:29,269 - WARNING - Leito UPG.UV009 INATIVO, com data de criacao em 2025-01-14 14:59:41.938000
2025-07-25 10:36:29,278 - INFO - Leito UPG.UV009 inserido na base local.
2025-07-25 10:36:29,305 - WARNING - Leito UPG.UV010 INATIVO, com data de criacao em 2025-01-14 14:59:41.970000
2025-07-25 10:36:29,321 - INFO - Leito UPG.UV010 inserido na base local.
2025-07-25 10:36:29,323 - INFO - Leito CTI I012 está ATIVO desde 2021-06-16 09:55:44.
2025-07-25 10:36:29,326 - INFO - Log de envio criado para leito CTI I012 com id 6151.
2025-07-25 10:36:29,331 - INFO - Log de resposta atualizado para id 6151.
2025-07-25 10:36:29,333 - INFO - Leito CTI I012 inserido na base local.
2025-07-25 10:36:29,335 - INFO - Leito CTI I015 está ATIVO desde 2021-09-01 10:25:24.
2025-07-25 10:36:29,337 - INFO - Log de envio criado para leito CTI I015 com id 6152.
2025-07-25 10:36:29,340 - INFO - Log de resposta atualizado para id 6152.
2025-07-25 10:36:29,342 - INFO - Leito CTI I015 inserido na base local.
2025-07-25 10:36:29,344 - INFO - Leito CTI I014 está ATIVO desde 2021-09-01 10:25:24.
2025-07-25 10:36:29,347 - INFO - Log de envio criado para leito CTI I014 com id 6153.
2025-07-25 10:36:29,351 - INFO - Log de resposta atualizado para id 6153.
2025-07-25 10:36:29,353 - INFO - Leito CTI I014 inserido na base local.
2025-07-25 10:36:29,354 - INFO - Leito CTI I013 está ATIVO desde 2021-09-01 10:25:24.
2025-07-25 10:36:29,357 - INFO - Log de envio criado para leito CTI I013 com id 6154.
2025-07-25 10:36:29,359 - INFO - Log de resposta atualizado para id 6154.
2025-07-25 10:36:29,362 - INFO - Leito CTI I013 inserido na base local.
2025-07-25 10:36:29,363 - INFO - Leito HOSPDIA006 está ATIVO desde 2022-02-15 17:29:47.
2025-07-25 10:36:29,366 - INFO - Log de envio criado para leito HOSPDIA006 com id 6155.
2025-07-25 10:36:29,370 - INFO - Log de resposta atualizado para id 6155.
2025-07-25 10:36:29,372 - INFO - Leito HOSPDIA006 inserido na base local.
2025-07-25 10:36:29,374 - INFO - Leito HEMATO001 está ATIVO desde 2021-06-14 16:20:38.
2025-07-25 10:36:29,376 - INFO - Log de envio criado para leito HEMATO001 com id 6156.
2025-07-25 10:36:29,380 - INFO - Log de resposta atualizado para id 6156.
2025-07-25 10:36:29,383 - INFO - Leito HEMATO001 inserido na base local.
2025-07-25 10:36:29,385 - INFO - Leito UTIN001 está ATIVO desde 2020-05-13 10:37:02.
2025-07-25 10:36:29,388 - INFO - Log de envio criado para leito UTIN001 com id 6157.
2025-07-25 10:36:29,391 - INFO - Log de resposta atualizado para id 6157.
2025-07-25 10:36:29,393 - INFO - Leito UTIN001 inserido na base local.
2025-07-25 10:36:29,395 - INFO - Leito PED002 está ATIVO desde 2021-09-01 09:28:11.
2025-07-25 10:36:29,398 - INFO - Log de envio criado para leito PED002 com id 6158.
2025-07-25 10:36:29,401 - INFO - Log de resposta atualizado para id 6158.
2025-07-25 10:36:29,404 - INFO - Leito PED002 inserido na base local.
2025-07-25 10:36:29,431 - WARNING - Leito OBST023 INATIVO, com data de criacao em 2025-01-03 13:03:15.899000
2025-07-25 10:36:29,434 - INFO - Leito OBST023 inserido na base local.
2025-07-25 10:36:29,462 - WARNING - Leito OBST024 INATIVO, com data de criacao em 2025-01-03 13:03:15.949000
2025-07-25 10:36:29,465 - INFO - Leito OBST024 inserido na base local.
2025-07-25 10:36:29,491 - WARNING - Leito OBST025 INATIVO, com data de criacao em 2025-01-03 13:03:15.970000
2025-07-25 10:36:29,494 - INFO - Leito OBST025 inserido na base local.
2025-07-25 10:36:29,521 - WARNING - Leito CMF019 INATIVO, com data de criacao em 2025-01-03 13:08:51.319000
2025-07-25 10:36:29,524 - INFO - Leito CMF019 inserido na base local.
2025-07-25 10:36:29,551 - WARNING - Leito CMF020 INATIVO, com data de criacao em 2025-01-03 13:08:51.402000
2025-07-25 10:36:29,555 - INFO - Leito CMF020 inserido na base local.
2025-07-25 10:36:29,581 - WARNING - Leito CMF021 INATIVO, com data de criacao em 2025-01-03 13:08:51.425000
2025-07-25 10:36:29,584 - INFO - Leito CMF021 inserido na base local.
2025-07-25 10:36:29,611 - WARNING - Leito CMF022 INATIVO, com data de criacao em 2025-01-03 13:08:51.447000
2025-07-25 10:36:29,615 - INFO - Leito CMF022 inserido na base local.
2025-07-25 10:36:29,642 - WARNING - Leito CMF023 INATIVO, com data de criacao em 2025-01-03 13:08:51.470000
2025-07-25 10:36:29,649 - INFO - Leito CMF023 inserido na base local.
2025-07-25 10:36:29,675 - WARNING - Leito OBRISCO.UV011 INATIVO, com data de criacao em 2025-01-03 14:20:21.282000
2025-07-25 10:36:29,679 - INFO - Leito OBRISCO.UV011 inserido na base local.
2025-07-25 10:36:29,704 - INFO - Leito OBST.UV006 está ATIVO desde 2025-01-03 13:51:51.
2025-07-25 10:36:29,707 - INFO - Log de envio criado para leito OBST.UV006 com id 6159.
2025-07-25 10:36:29,710 - INFO - Log de resposta atualizado para id 6159.
2025-07-25 10:36:29,713 - INFO - Leito OBST.UV006 inserido na base local.
2025-07-25 10:36:29,738 - WARNING - Leito OBRISCO.UV012 INATIVO, com data de criacao em 2025-01-03 14:20:21.312000
2025-07-25 10:36:29,743 - INFO - Leito OBRISCO.UV012 inserido na base local.
2025-07-25 10:36:29,745 - INFO - Leito CCF017 está ATIVO desde 2021-09-01 09:05:31.
2025-07-25 10:36:29,748 - INFO - Log de envio criado para leito CCF017 com id 6160.
2025-07-25 10:36:29,751 - INFO - Log de resposta atualizado para id 6160.
2025-07-25 10:36:29,754 - INFO - Leito CCF017 inserido na base local.
2025-07-25 10:36:29,778 - WARNING - Leito OBRISCO.UV013 INATIVO, com data de criacao em 2025-01-03 14:20:21.342000
2025-07-25 10:36:29,781 - INFO - Leito OBRISCO.UV013 inserido na base local.
2025-07-25 10:36:29,807 - WARNING - Leito OBRISCO.UV014 INATIVO, com data de criacao em 2025-01-03 14:20:21.372000
2025-07-25 10:36:29,810 - INFO - Leito OBRISCO.UV014 inserido na base local.
2025-07-25 10:36:29,811 - INFO - Leito CCM009 está ATIVO desde 2021-06-16 14:30:14.
2025-07-25 10:36:29,814 - INFO - Log de envio criado para leito CCM009 com id 6161.
2025-07-25 10:36:29,817 - INFO - Log de resposta atualizado para id 6161.
2025-07-25 10:36:29,820 - INFO - Leito CCM009 inserido na base local.
2025-07-25 10:36:29,848 - WARNING - Leito OBRISCO.UV015 INATIVO, com data de criacao em 2025-01-03 14:20:21.403000
2025-07-25 10:36:29,852 - INFO - Leito OBRISCO.UV015 inserido na base local.
2025-07-25 10:36:29,879 - WARNING - Leito OBRISCO.UV016 INATIVO, com data de criacao em 2025-01-03 14:20:21.432000
2025-07-25 10:36:29,882 - INFO - Leito OBRISCO.UV016 inserido na base local.
2025-07-25 10:36:29,884 - INFO - Leito CCEMI003 está ATIVO desde 2021-06-16 11:32:33.
2025-07-25 10:36:29,886 - INFO - Log de envio criado para leito CCEMI003 com id 6162.
2025-07-25 10:36:29,889 - INFO - Log de resposta atualizado para id 6162.
2025-07-25 10:36:29,891 - INFO - Leito CCEMI003 inserido na base local.
2025-07-25 10:36:29,920 - INFO - Leito OBST.UV004 está ATIVO desde 2025-01-03 13:51:51.
2025-07-25 10:36:29,922 - INFO - Log de envio criado para leito OBST.UV004 com id 6163.
2025-07-25 10:36:29,925 - INFO - Log de resposta atualizado para id 6163.
2025-07-25 10:36:29,928 - INFO - Leito OBST.UV004 inserido na base local.
2025-07-25 10:36:29,961 - WARNING - Leito OBRISCO.UV017 INATIVO, com data de criacao em 2025-01-03 14:20:21.459000
2025-07-25 10:36:29,965 - INFO - Leito OBRISCO.UV017 inserido na base local.
2025-07-25 10:36:29,993 - WARNING - Leito OBRISCO.UV018 INATIVO, com data de criacao em 2025-01-03 14:20:21.486000
2025-07-25 10:36:29,997 - INFO - Leito OBRISCO.UV018 inserido na base local.
2025-07-25 10:36:29,998 - WARNING - Leito CMF001 INATIVO, com data de criacao em 2021-06-14 15:51:13.324000
2025-07-25 10:36:30,000 - INFO - Leito CMF001 inserido na base local.
2025-07-25 10:36:30,002 - INFO - Leito CCF007 está ATIVO desde 2021-06-16 13:51:10.
2025-07-25 10:36:30,004 - INFO - Log de envio criado para leito CCF007 com id 6164.
2025-07-25 10:36:30,007 - INFO - Log de resposta atualizado para id 6164.
2025-07-25 10:36:30,010 - INFO - Leito CCF007 inserido na base local.
2025-07-25 10:36:30,012 - WARNING - Leito CMF008 INATIVO, com data de criacao em 2021-06-16 14:25:16.892000
2025-07-25 10:36:30,014 - INFO - Leito CMF008 inserido na base local.
2025-07-25 10:36:30,015 - INFO - Leito UCO006 está ATIVO desde 2021-06-16 14:18:54.
2025-07-25 10:36:30,017 - INFO - Log de envio criado para leito UCO006 com id 6165.
2025-07-25 10:36:30,020 - INFO - Log de resposta atualizado para id 6165.
2025-07-25 10:36:30,022 - INFO - Leito UCO006 inserido na base local.
2025-07-25 10:36:30,039 - INFO - Leito UPG002 está ATIVO desde 2024-01-15 14:01:00.
2025-07-25 10:36:30,042 - INFO - Log de envio criado para leito UPG002 com id 6166.
2025-07-25 10:36:30,045 - INFO - Log de resposta atualizado para id 6166.
2025-07-25 10:36:30,047 - INFO - Leito UPG002 inserido na base local.
2025-07-25 10:36:30,049 - WARNING - Leito UCINCA002 INATIVO, com data de criacao em 2021-08-31 10:53:44.485000
2025-07-25 10:36:30,051 - INFO - Leito UCINCA002 inserido na base local.
2025-07-25 10:36:30,052 - WARNING - Leito UCINCA004 INATIVO, com data de criacao em 2021-08-31 10:53:44.510000
2025-07-25 10:36:30,054 - INFO - Leito UCINCA004 inserido na base local.
2025-07-25 10:36:30,055 - INFO - Leito DIP011 está ATIVO desde 2021-06-15 14:59:05.
2025-07-25 10:36:30,057 - INFO - Log de envio criado para leito DIP011 com id 6167.
2025-07-25 10:36:30,060 - INFO - Log de resposta atualizado para id 6167.
2025-07-25 10:36:30,063 - INFO - Leito DIP011 inserido na base local.
2025-07-25 10:36:30,064 - INFO - Leito 6º CMM013 está ATIVO desde 2021-06-15 14:02:46.
2025-07-25 10:36:30,066 - INFO - Log de envio criado para leito 6º CMM013 com id 6168.
2025-07-25 10:36:30,068 - INFO - Log de resposta atualizado para id 6168.
2025-07-25 10:36:30,070 - INFO - Leito 6º CMM013 inserido na base local.
2025-07-25 10:36:30,071 - INFO - Leito CCEMI002 está ATIVO desde 2021-06-16 11:32:33.
2025-07-25 10:36:30,074 - INFO - Log de envio criado para leito CCEMI002 com id 6169.
2025-07-25 10:36:30,076 - INFO - Log de resposta atualizado para id 6169.
2025-07-25 10:36:30,078 - INFO - Leito CCEMI002 inserido na base local.
2025-07-25 10:36:30,079 - INFO - Leito BOX007 está ATIVO desde 2022-05-13 14:09:00.
2025-07-25 10:36:30,081 - INFO - Log de envio criado para leito BOX007 com id 6170.
2025-07-25 10:36:30,083 - INFO - Log de resposta atualizado para id 6170.
2025-07-25 10:36:30,084 - INFO - Leito BOX007 inserido na base local.
2025-07-25 10:36:30,085 - INFO - Leito UCO003 está ATIVO desde 2021-06-16 14:18:54.
2025-07-25 10:36:30,088 - INFO - Log de envio criado para leito UCO003 com id 6171.
2025-07-25 10:36:30,090 - INFO - Log de resposta atualizado para id 6171.
2025-07-25 10:36:30,091 - INFO - Leito UCO003 inserido na base local.
2025-07-25 10:36:30,119 - INFO - Leito OBST.UV007 está ATIVO desde 2025-01-03 13:51:51.
2025-07-25 10:36:30,121 - INFO - Log de envio criado para leito OBST.UV007 com id 6172.
2025-07-25 10:36:30,124 - INFO - Log de resposta atualizado para id 6172.
2025-07-25 10:36:30,126 - INFO - Leito OBST.UV007 inserido na base local.
2025-07-25 10:36:30,141 - INFO - Leito UPG008 está ATIVO desde 2024-01-15 14:14:20.
2025-07-25 10:36:30,143 - INFO - Log de envio criado para leito UPG008 com id 6173.
2025-07-25 10:36:30,147 - INFO - Log de resposta atualizado para id 6173.
2025-07-25 10:36:30,149 - INFO - Leito UPG008 inserido na base local.
2025-07-25 10:36:30,150 - INFO - Leito CCF021 está ATIVO desde 2021-09-01 09:05:31.
2025-07-25 10:36:30,153 - INFO - Log de envio criado para leito CCF021 com id 6174.
2025-07-25 10:36:30,156 - INFO - Log de resposta atualizado para id 6174.
2025-07-25 10:36:30,157 - INFO - Leito CCF021 inserido na base local.
2025-07-25 10:36:30,159 - INFO - Leito HOSPDIA5HD03 está ATIVO desde 2022-06-22 09:58:15.
2025-07-25 10:36:30,161 - INFO - Log de envio criado para leito HOSPDIA5HD03 com id 6175.
2025-07-25 10:36:30,163 - INFO - Log de resposta atualizado para id 6175.
2025-07-25 10:36:30,165 - INFO - Leito HOSPDIA5HD03 inserido na base local.
2025-07-25 10:36:30,165 - INFO - Leito CCEMI005 está ATIVO desde 2021-06-16 11:32:33.
2025-07-25 10:36:30,168 - INFO - Log de envio criado para leito CCEMI005 com id 6176.
2025-07-25 10:36:30,170 - INFO - Log de resposta atualizado para id 6176.
2025-07-25 10:36:30,171 - INFO - Leito CCEMI005 inserido na base local.
2025-07-25 10:36:30,172 - INFO - Leito CCF022 está ATIVO desde 2022-02-14 10:14:12.
2025-07-25 10:36:30,174 - INFO - Log de envio criado para leito CCF022 com id 6177.
2025-07-25 10:36:30,177 - INFO - Log de resposta atualizado para id 6177.
2025-07-25 10:36:30,178 - INFO - Leito CCF022 inserido na base local.
2025-07-25 10:36:30,179 - INFO - Leito CCEMI014 está ATIVO desde 2021-06-16 11:32:33.
2025-07-25 10:36:30,181 - INFO - Log de envio criado para leito CCEMI014 com id 6178.
2025-07-25 10:36:30,183 - INFO - Log de resposta atualizado para id 6178.
2025-07-25 10:36:30,185 - INFO - Leito CCEMI014 inserido na base local.
2025-07-25 10:36:30,185 - INFO - Leito CCF011 está ATIVO desde 2021-06-16 13:51:10.
2025-07-25 10:36:30,187 - INFO - Log de envio criado para leito CCF011 com id 6179.
2025-07-25 10:36:30,190 - INFO - Log de resposta atualizado para id 6179.
2025-07-25 10:36:30,192 - INFO - Leito CCF011 inserido na base local.
2025-07-25 10:36:30,219 - INFO - Leito OBST.UV005 está ATIVO desde 2025-01-03 13:51:51.
2025-07-25 10:36:30,221 - INFO - Log de envio criado para leito OBST.UV005 com id 6180.
2025-07-25 10:36:30,224 - INFO - Log de resposta atualizado para id 6180.
2025-07-25 10:36:30,227 - INFO - Leito OBST.UV005 inserido na base local.
2025-07-25 10:36:30,235 - WARNING - Leito CMF009 INATIVO, com data de criacao em 2023-05-05 13:00:00
2025-07-25 10:36:30,238 - INFO - Leito CMF009 inserido na base local.
2025-07-25 10:36:30,239 - INFO - Leito 6º CMM005 está ATIVO desde 2021-06-15 12:29:48.
2025-07-25 10:36:30,241 - INFO - Log de envio criado para leito 6º CMM005 com id 6181.
2025-07-25 10:36:30,243 - INFO - Log de resposta atualizado para id 6181.
2025-07-25 10:36:30,244 - INFO - Leito 6º CMM005 inserido na base local.
2025-07-25 10:36:30,245 - INFO - Leito 6º CMM007 está ATIVO desde 2021-06-15 12:29:49.
2025-07-25 10:36:30,248 - INFO - Log de envio criado para leito 6º CMM007 com id 6182.
2025-07-25 10:36:30,250 - INFO - Log de resposta atualizado para id 6182.
2025-07-25 10:36:30,252 - INFO - Leito 6º CMM007 inserido na base local.
2025-07-25 10:36:30,253 - INFO - Leito DIP010 está ATIVO desde 2021-06-15 14:59:05.
2025-07-25 10:36:30,255 - INFO - Log de envio criado para leito DIP010 com id 6183.
2025-07-25 10:36:30,258 - INFO - Log de resposta atualizado para id 6183.
2025-07-25 10:36:30,260 - INFO - Leito DIP010 inserido na base local.
2025-07-25 10:36:30,275 - INFO - Leito UPG001 está ATIVO desde 2024-01-15 14:00:00.
2025-07-25 10:36:30,278 - INFO - Log de envio criado para leito UPG001 com id 6184.
2025-07-25 10:36:30,280 - INFO - Log de resposta atualizado para id 6184.
2025-07-25 10:36:30,283 - INFO - Leito UPG001 inserido na base local.
2025-07-25 10:36:30,309 - INFO - Leito OBST.UV008 está ATIVO desde 2025-01-03 13:51:51.
2025-07-25 10:36:30,312 - INFO - Log de envio criado para leito OBST.UV008 com id 6185.
2025-07-25 10:36:30,314 - INFO - Log de resposta atualizado para id 6185.
2025-07-25 10:36:30,317 - INFO - Leito OBST.UV008 inserido na base local.
2025-07-25 10:36:30,342 - INFO - Leito OBST.UV009 está ATIVO desde 2025-01-03 13:51:51.
2025-07-25 10:36:30,344 - INFO - Log de envio criado para leito OBST.UV009 com id 6186.
2025-07-25 10:36:30,346 - INFO - Log de resposta atualizado para id 6186.
2025-07-25 10:36:30,348 - INFO - Leito OBST.UV009 inserido na base local.
2025-07-25 10:36:30,349 - INFO - Leito UCO001 está ATIVO desde 2022-05-24 16:25:00.
2025-07-25 10:36:30,351 - INFO - Log de envio criado para leito UCO001 com id 6187.
2025-07-25 10:36:30,353 - INFO - Log de resposta atualizado para id 6187.
2025-07-25 10:36:30,354 - INFO - Leito UCO001 inserido na base local.
2025-07-25 10:36:30,355 - INFO - Leito UCO002 está ATIVO desde 2021-06-16 14:18:54.
2025-07-25 10:36:30,357 - INFO - Log de envio criado para leito UCO002 com id 6188.
2025-07-25 10:36:30,358 - INFO - Log de resposta atualizado para id 6188.
2025-07-25 10:36:30,360 - INFO - Leito UCO002 inserido na base local.
2025-07-25 10:36:30,361 - INFO - Leito HEMATO012 está ATIVO desde 2021-09-01 09:50:31.
2025-07-25 10:36:30,362 - INFO - Log de envio criado para leito HEMATO012 com id 6189.
2025-07-25 10:36:30,364 - INFO - Log de resposta atualizado para id 6189.
2025-07-25 10:36:30,366 - INFO - Leito HEMATO012 inserido na base local.
2025-07-25 10:36:30,367 - INFO - Leito CTI I004 está ATIVO desde 2021-06-16 09:55:44.
2025-07-25 10:36:30,368 - INFO - Log de envio criado para leito CTI I004 com id 6190.
2025-07-25 10:36:30,370 - INFO - Log de resposta atualizado para id 6190.
2025-07-25 10:36:30,372 - INFO - Leito CTI I004 inserido na base local.
2025-07-25 10:36:30,373 - INFO - Leito CCM005 está ATIVO desde 2021-06-16 14:30:14.
2025-07-25 10:36:30,376 - INFO - Log de envio criado para leito CCM005 com id 6191.
2025-07-25 10:36:30,378 - INFO - Log de resposta atualizado para id 6191.
2025-07-25 10:36:30,380 - INFO - Leito CCM005 inserido na base local.
2025-07-25 10:36:30,381 - INFO - Leito PED006 está ATIVO desde 2022-05-16 16:05:00.
2025-07-25 10:36:30,383 - INFO - Log de envio criado para leito PED006 com id 6192.
2025-07-25 10:36:30,385 - INFO - Log de resposta atualizado para id 6192.
2025-07-25 10:36:30,387 - INFO - Leito PED006 inserido na base local.
2025-07-25 10:36:30,388 - INFO - Leito OFT003 está ATIVO desde 2021-06-16 14:22:13.
2025-07-25 10:36:30,389 - INFO - Log de envio criado para leito OFT003 com id 6193.
2025-07-25 10:36:30,391 - INFO - Log de resposta atualizado para id 6193.
2025-07-25 10:36:30,392 - INFO - Leito OFT003 inserido na base local.
2025-07-25 10:36:30,393 - INFO - Leito BOX002 está ATIVO desde 2021-09-01 11:56:50.
2025-07-25 10:36:30,394 - INFO - Log de envio criado para leito BOX002 com id 6194.
2025-07-25 10:36:30,396 - INFO - Log de resposta atualizado para id 6194.
2025-07-25 10:36:30,397 - INFO - Leito BOX002 inserido na base local.
2025-07-25 10:36:30,398 - INFO - Leito 6º CMM014 está ATIVO desde 2021-06-15 14:02:46.
2025-07-25 10:36:30,400 - INFO - Log de envio criado para leito 6º CMM014 com id 6195.
2025-07-25 10:36:30,401 - INFO - Log de resposta atualizado para id 6195.
2025-07-25 10:36:30,403 - INFO - Leito 6º CMM014 inserido na base local.
2025-07-25 10:36:30,403 - INFO - Leito CTI I009 está ATIVO desde 2021-06-16 09:55:44.
2025-07-25 10:36:30,405 - INFO - Log de envio criado para leito CTI I009 com id 6196.
2025-07-25 10:36:30,407 - INFO - Log de resposta atualizado para id 6196.
2025-07-25 10:36:30,408 - INFO - Leito CTI I009 inserido na base local.
2025-07-25 10:36:30,410 - INFO - Leito HOSPDIA5HD02 está ATIVO desde 2022-06-22 09:58:15.
2025-07-25 10:36:30,412 - INFO - Log de envio criado para leito HOSPDIA5HD02 com id 6197.
2025-07-25 10:36:30,414 - INFO - Log de resposta atualizado para id 6197.
2025-07-25 10:36:30,415 - INFO - Leito HOSPDIA5HD02 inserido na base local.
2025-07-25 10:36:30,416 - INFO - Leito CTI I016 está ATIVO desde 2021-09-01 10:25:24.
2025-07-25 10:36:30,418 - INFO - Log de envio criado para leito CTI I016 com id 6198.
2025-07-25 10:36:30,421 - INFO - Log de resposta atualizado para id 6198.
2025-07-25 10:36:30,423 - INFO - Leito CTI I016 inserido na base local.
2025-07-25 10:36:30,424 - INFO - Leito CCF019 está ATIVO desde 2021-09-01 09:05:31.
2025-07-25 10:36:30,426 - INFO - Log de envio criado para leito CCF019 com id 6199.
2025-07-25 10:36:30,428 - INFO - Log de resposta atualizado para id 6199.
2025-07-25 10:36:30,431 - INFO - Leito CCF019 inserido na base local.
2025-07-25 10:36:30,432 - INFO - Leito CTI I011 está ATIVO desde 2021-06-16 09:55:44.
2025-07-25 10:36:30,434 - INFO - Log de envio criado para leito CTI I011 com id 6200.
2025-07-25 10:36:30,436 - INFO - Log de resposta atualizado para id 6200.
2025-07-25 10:36:30,438 - INFO - Leito CTI I011 inserido na base local.
2025-07-25 10:36:30,466 - WARNING - Leito UPG.UV001 INATIVO, com data de criacao em 2025-01-14 14:52:57.177000
2025-07-25 10:36:30,468 - INFO - Leito UPG.UV001 inserido na base local.
2025-07-25 10:36:30,469 - INFO - Leito DIP007 está ATIVO desde 2021-06-15 14:59:05.
2025-07-25 10:36:30,471 - INFO - Log de envio criado para leito DIP007 com id 6201.
2025-07-25 10:36:30,473 - INFO - Log de resposta atualizado para id 6201.
2025-07-25 10:36:30,475 - INFO - Leito DIP007 inserido na base local.
2025-07-25 10:36:30,493 - INFO - Leito BOX011 está ATIVO desde 2024-04-17 12:38:21.
2025-07-25 10:36:30,496 - INFO - Log de envio criado para leito BOX011 com id 6202.
2025-07-25 10:36:30,499 - INFO - Log de resposta atualizado para id 6202.
2025-07-25 10:36:30,501 - INFO - Leito BOX011 inserido na base local.
2025-07-25 10:36:30,502 - INFO - Leito CCEMI011 está ATIVO desde 2021-06-16 11:32:33.
2025-07-25 10:36:30,504 - INFO - Log de envio criado para leito CCEMI011 com id 6203.
2025-07-25 10:36:30,506 - INFO - Log de resposta atualizado para id 6203.
2025-07-25 10:36:30,509 - INFO - Leito CCEMI011 inserido na base local.
2025-07-25 10:36:30,509 - INFO - Leito CCEMI004 está ATIVO desde 2021-06-16 11:32:33.
2025-07-25 10:36:30,511 - INFO - Log de envio criado para leito CCEMI004 com id 6204.
2025-07-25 10:36:30,514 - INFO - Log de resposta atualizado para id 6204.
2025-07-25 10:36:30,517 - INFO - Leito CCEMI004 inserido na base local.
2025-07-25 10:36:30,525 - WARNING - Leito CMF004 INATIVO, com data de criacao em 2023-05-04 11:42:00
2025-07-25 10:36:30,531 - INFO - Leito CMF004 inserido na base local.
2025-07-25 10:36:30,532 - WARNING - Leito CMF007 INATIVO, com data de criacao em 2021-06-16 14:25:16.866000
2025-07-25 10:36:30,535 - INFO - Leito CMF007 inserido na base local.
2025-07-25 10:36:30,543 - WARNING - Leito CMF012 INATIVO, com data de criacao em 2023-05-07 11:26:00
2025-07-25 10:36:30,547 - INFO - Leito CMF012 inserido na base local.
2025-07-25 10:36:30,548 - INFO - Leito UPG006 está ATIVO desde 2021-09-01 10:45:18.
2025-07-25 10:36:30,550 - INFO - Log de envio criado para leito UPG006 com id 6205.
2025-07-25 10:36:30,552 - INFO - Log de resposta atualizado para id 6205.
2025-07-25 10:36:30,553 - INFO - Leito UPG006 inserido na base local.
2025-07-25 10:36:30,554 - INFO - Leito CCEMI015 está ATIVO desde 2021-06-16 11:32:33.
2025-07-25 10:36:30,556 - INFO - Log de envio criado para leito CCEMI015 com id 6206.
2025-07-25 10:36:30,558 - INFO - Log de resposta atualizado para id 6206.
2025-07-25 10:36:30,560 - INFO - Leito CCEMI015 inserido na base local.
2025-07-25 10:36:30,561 - INFO - Leito OBST001 está ATIVO desde 2020-05-13 17:10:54.
2025-07-25 10:36:30,562 - INFO - Log de envio criado para leito OBST001 com id 6207.
2025-07-25 10:36:30,582 - INFO - Log de resposta atualizado para id 6207.
2025-07-25 10:36:30,584 - INFO - Leito OBST001 inserido na base local.
2025-07-25 10:36:30,593 - WARNING - Leito CMF013 INATIVO, com data de criacao em 2023-05-07 23:19:00
2025-07-25 10:36:30,606 - INFO - Leito CMF013 inserido na base local.
2025-07-25 10:36:30,607 - INFO - Leito OBST003 está ATIVO desde 2020-05-13 17:10:55.
2025-07-25 10:36:30,611 - INFO - Log de envio criado para leito OBST003 com id 6208.
2025-07-25 10:36:30,614 - INFO - Log de resposta atualizado para id 6208.
2025-07-25 10:36:30,616 - INFO - Leito OBST003 inserido na base local.
2025-07-25 10:36:30,617 - WARNING - Leito CMF016 INATIVO, com data de criacao em 2021-09-01 09:10:51.781000
2025-07-25 10:36:30,620 - INFO - Leito CMF016 inserido na base local.
2025-07-25 10:36:30,643 - WARNING - Leito CMF017 INATIVO, com data de criacao em 2024-08-19 10:42:28.450000
2025-07-25 10:36:30,645 - INFO - Leito CMF017 inserido na base local.
2025-07-25 10:36:30,646 - INFO - Leito CCF012 está ATIVO desde 2021-06-16 13:51:10.
2025-07-25 10:36:30,648 - INFO - Log de envio criado para leito CCF012 com id 6209.
2025-07-25 10:36:30,650 - INFO - Log de resposta atualizado para id 6209.
2025-07-25 10:36:30,652 - INFO - Leito CCF012 inserido na base local.
2025-07-25 10:36:30,653 - INFO - Leito OFT001 está ATIVO desde 2022-05-26 10:35:00.
2025-07-25 10:36:30,655 - INFO - Log de envio criado para leito OFT001 com id 6210.
2025-07-25 10:36:30,657 - INFO - Log de resposta atualizado para id 6210.
2025-07-25 10:36:30,659 - INFO - Leito OFT001 inserido na base local.
2025-07-25 10:36:30,660 - INFO - Leito OFT005 está ATIVO desde 2021-06-16 14:22:13.
2025-07-25 10:36:30,662 - INFO - Log de envio criado para leito OFT005 com id 6211.
2025-07-25 10:36:30,665 - INFO - Log de resposta atualizado para id 6211.
2025-07-25 10:36:30,667 - INFO - Leito OFT005 inserido na base local.
2025-07-25 10:36:30,668 - INFO - Leito OBST004 está ATIVO desde 2020-05-13 17:10:55.
2025-07-25 10:36:30,671 - INFO - Log de envio criado para leito OBST004 com id 6212.
2025-07-25 10:36:30,673 - INFO - Log de resposta atualizado para id 6212.
2025-07-25 10:36:30,675 - INFO - Leito OBST004 inserido na base local.
2025-07-25 10:36:30,676 - INFO - Leito BOX004 está ATIVO desde 2021-09-01 11:56:50.
2025-07-25 10:36:30,678 - INFO - Log de envio criado para leito BOX004 com id 6213.
2025-07-25 10:36:30,681 - INFO - Log de resposta atualizado para id 6213.
2025-07-25 10:36:30,684 - INFO - Leito BOX004 inserido na base local.
2025-07-25 10:36:30,684 - INFO - Leito BOX005 está ATIVO desde 2021-09-01 11:56:50.
2025-07-25 10:36:30,689 - INFO - Log de envio criado para leito BOX005 com id 6214.
2025-07-25 10:36:30,693 - INFO - Log de resposta atualizado para id 6214.
2025-07-25 10:36:30,696 - INFO - Leito BOX005 inserido na base local.
2025-07-25 10:36:30,697 - INFO - Leito CCM014 está ATIVO desde 2022-06-03 16:19:00.
2025-07-25 10:36:30,702 - INFO - Log de envio criado para leito CCM014 com id 6215.
2025-07-25 10:36:30,705 - INFO - Log de resposta atualizado para id 6215.
2025-07-25 10:36:30,708 - INFO - Leito CCM014 inserido na base local.
2025-07-25 10:36:30,709 - INFO - Leito OBST002 está ATIVO desde 2020-05-20 15:49:00.
2025-07-25 10:36:30,711 - INFO - Log de envio criado para leito OBST002 com id 6216.
2025-07-25 10:36:30,714 - INFO - Log de resposta atualizado para id 6216.
2025-07-25 10:36:30,716 - INFO - Leito OBST002 inserido na base local.
2025-07-25 10:36:30,717 - INFO - Leito HOSPDIA004 está ATIVO desde 2022-02-15 17:29:47.
2025-07-25 10:36:30,720 - INFO - Log de envio criado para leito HOSPDIA004 com id 6217.
2025-07-25 10:36:30,722 - INFO - Log de resposta atualizado para id 6217.
2025-07-25 10:36:30,724 - INFO - Leito HOSPDIA004 inserido na base local.
2025-07-25 10:36:30,726 - INFO - Leito HOSPDIA5HD01 está ATIVO desde 2022-06-22 09:50:18.
2025-07-25 10:36:30,728 - INFO - Log de envio criado para leito HOSPDIA5HD01 com id 6218.
2025-07-25 10:36:30,730 - INFO - Log de resposta atualizado para id 6218.
2025-07-25 10:36:30,732 - INFO - Leito HOSPDIA5HD01 inserido na base local.
2025-07-25 10:36:30,733 - INFO - Leito OFT006 está ATIVO desde 2021-06-16 14:22:13.
2025-07-25 10:36:30,734 - INFO - Log de envio criado para leito OFT006 com id 6219.
2025-07-25 10:36:30,736 - INFO - Log de resposta atualizado para id 6219.
2025-07-25 10:36:30,738 - INFO - Leito OFT006 inserido na base local.
2025-07-25 10:36:30,739 - INFO - Leito CTI I001 está ATIVO desde 2021-06-14 17:09:24.
2025-07-25 10:36:30,741 - INFO - Log de envio criado para leito CTI I001 com id 6220.
2025-07-25 10:36:30,743 - INFO - Log de resposta atualizado para id 6220.
2025-07-25 10:36:30,745 - INFO - Leito CTI I001 inserido na base local.
2025-07-25 10:36:30,746 - INFO - Leito CTI I010 está ATIVO desde 2020-12-05 09:45:00.
2025-07-25 10:36:30,748 - INFO - Log de envio criado para leito CTI I010 com id 6221.
2025-07-25 10:36:30,752 - INFO - Log de resposta atualizado para id 6221.
2025-07-25 10:36:30,753 - INFO - Leito CTI I010 inserido na base local.
2025-07-25 10:36:30,755 - INFO - Leito HOSPDIA003 está ATIVO desde 2022-04-27 08:07:00.
2025-07-25 10:36:30,757 - INFO - Log de envio criado para leito HOSPDIA003 com id 6222.
2025-07-25 10:36:30,759 - INFO - Log de resposta atualizado para id 6222.
2025-07-25 10:36:30,760 - INFO - Leito HOSPDIA003 inserido na base local.
2025-07-25 10:36:30,761 - INFO - Leito 6º CMM016 está ATIVO desde 2021-06-15 14:02:47.
2025-07-25 10:36:30,763 - INFO - Log de envio criado para leito 6º CMM016 com id 6223.
2025-07-25 10:36:30,765 - INFO - Log de resposta atualizado para id 6223.
2025-07-25 10:36:30,767 - INFO - Leito 6º CMM016 inserido na base local.
2025-07-25 10:36:30,768 - INFO - Leito CCEMI012 está ATIVO desde 2021-06-16 11:32:33.
2025-07-25 10:36:30,769 - INFO - Log de envio criado para leito CCEMI012 com id 6224.
2025-07-25 10:36:30,771 - INFO - Log de resposta atualizado para id 6224.
2025-07-25 10:36:30,773 - INFO - Leito CCEMI012 inserido na base local.
2025-07-25 10:36:30,774 - INFO - Leito HOSPDIA002 está ATIVO desde 2022-02-15 17:29:47.
2025-07-25 10:36:30,776 - INFO - Log de envio criado para leito HOSPDIA002 com id 6225.
2025-07-25 10:36:30,777 - INFO - Log de resposta atualizado para id 6225.
2025-07-25 10:36:30,779 - INFO - Leito HOSPDIA002 inserido na base local.
2025-07-25 10:36:30,780 - INFO - Leito HOSPDIA001 está ATIVO desde 2022-04-27 08:00:00.
2025-07-25 10:36:30,782 - INFO - Log de envio criado para leito HOSPDIA001 com id 6226.
2025-07-25 10:36:30,784 - INFO - Log de resposta atualizado para id 6226.
2025-07-25 10:36:30,785 - INFO - Leito HOSPDIA001 inserido na base local.
2025-07-25 10:36:30,786 - INFO - Leito CCF002 está ATIVO desde 2020-11-03 12:23:33.
2025-07-25 10:36:30,788 - INFO - Log de envio criado para leito CCF002 com id 6227.
2025-07-25 10:36:30,791 - INFO - Log de resposta atualizado para id 6227.
2025-07-25 10:36:30,793 - INFO - Leito CCF002 inserido na base local.
2025-07-25 10:36:30,794 - INFO - Leito UPG005 está ATIVO desde 2021-09-01 10:45:18.
2025-07-25 10:36:30,796 - INFO - Log de envio criado para leito UPG005 com id 6228.
2025-07-25 10:36:30,798 - INFO - Log de resposta atualizado para id 6228.
2025-07-25 10:36:30,800 - INFO - Leito UPG005 inserido na base local.
2025-07-25 10:36:30,809 - WARNING - Leito CMF002 INATIVO, com data de criacao em 2023-05-03 20:59:00
2025-07-25 10:36:30,811 - INFO - Leito CMF002 inserido na base local.
2025-07-25 10:36:30,812 - WARNING - Leito CMF006 INATIVO, com data de criacao em 2021-06-16 14:25:16.841000
2025-07-25 10:36:30,814 - INFO - Leito CMF006 inserido na base local.
2025-07-25 10:36:30,822 - WARNING - Leito CMF011 INATIVO, com data de criacao em 2023-05-04 17:10:00
2025-07-25 10:36:30,825 - INFO - Leito CMF011 inserido na base local.
2025-07-25 10:36:30,838 - WARNING - Leito CMF014 INATIVO, com data de criacao em 2023-11-18 22:44:00
2025-07-25 10:36:30,842 - INFO - Leito CMF014 inserido na base local.
2025-07-25 10:36:30,850 - WARNING - Leito CMF015 INATIVO, com data de criacao em 2023-05-07 23:18:00
2025-07-25 10:36:30,852 - INFO - Leito CMF015 inserido na base local.
2025-07-25 10:36:30,874 - WARNING - Leito CMF018 INATIVO, com data de criacao em 2024-08-19 10:42:28.586000
2025-07-25 10:36:30,876 - INFO - Leito CMF018 inserido na base local.
2025-07-25 10:36:30,877 - INFO - Leito CCF015 está ATIVO desde 2021-06-16 13:51:10.
2025-07-25 10:36:30,880 - INFO - Log de envio criado para leito CCF015 com id 6229.
2025-07-25 10:36:30,882 - INFO - Log de resposta atualizado para id 6229.
2025-07-25 10:36:30,884 - INFO - Leito CCF015 inserido na base local.
2025-07-25 10:36:30,885 - INFO - Leito CCEMI016 está ATIVO desde 2021-09-01 09:40:01.
2025-07-25 10:36:30,887 - INFO - Log de envio criado para leito CCEMI016 com id 6230.
2025-07-25 10:36:30,890 - INFO - Log de resposta atualizado para id 6230.
2025-07-25 10:36:30,892 - INFO - Leito CCEMI016 inserido na base local.
2025-07-25 10:36:30,893 - INFO - Leito CCM008 está ATIVO desde 2021-06-16 14:30:14.
2025-07-25 10:36:30,895 - INFO - Log de envio criado para leito CCM008 com id 6231.
2025-07-25 10:36:30,897 - INFO - Log de resposta atualizado para id 6231.
2025-07-25 10:36:30,899 - INFO - Leito CCM008 inserido na base local.
2025-07-25 10:36:30,900 - INFO - Leito CCF005 está ATIVO desde 2021-06-14 15:16:25.
2025-07-25 10:36:30,902 - INFO - Log de envio criado para leito CCF005 com id 6232.
2025-07-25 10:36:30,904 - INFO - Log de resposta atualizado para id 6232.
2025-07-25 10:36:30,906 - INFO - Leito CCF005 inserido na base local.
2025-07-25 10:36:30,907 - INFO - Leito CCF008 está ATIVO desde 2021-06-16 13:51:10.
2025-07-25 10:36:30,909 - INFO - Log de envio criado para leito CCF008 com id 6233.
2025-07-25 10:36:30,911 - INFO - Log de resposta atualizado para id 6233.
2025-07-25 10:36:30,914 - INFO - Leito CCF008 inserido na base local.
2025-07-25 10:36:30,915 - INFO - Leito CCM016 está ATIVO desde 2021-06-16 14:30:43.
2025-07-25 10:36:30,922 - INFO - Log de envio criado para leito CCM016 com id 6234.
2025-07-25 10:36:30,924 - INFO - Log de resposta atualizado para id 6234.
2025-07-25 10:36:30,928 - INFO - Leito CCM016 inserido na base local.
2025-07-25 10:36:30,929 - INFO - Leito CCM012 está ATIVO desde 2021-06-16 14:30:14.
2025-07-25 10:36:30,931 - INFO - Log de envio criado para leito CCM012 com id 6235.
2025-07-25 10:36:30,934 - INFO - Log de resposta atualizado para id 6235.
2025-07-25 10:36:30,938 - INFO - Leito CCM012 inserido na base local.
2025-07-25 10:36:30,939 - INFO - Leito 6º CMM003 está ATIVO desde 2021-06-15 11:55:58.
2025-07-25 10:36:30,940 - INFO - Log de envio criado para leito 6º CMM003 com id 6236.
2025-07-25 10:36:30,944 - INFO - Log de resposta atualizado para id 6236.
2025-07-25 10:36:30,946 - INFO - Leito 6º CMM003 inserido na base local.
2025-07-25 10:36:30,947 - INFO - Leito CTI I007 está ATIVO desde 2021-04-19 20:35:00.
2025-07-25 10:36:30,949 - INFO - Log de envio criado para leito CTI I007 com id 6237.
2025-07-25 10:36:30,952 - INFO - Log de resposta atualizado para id 6237.
2025-07-25 10:36:30,954 - INFO - Leito CTI I007 inserido na base local.
2025-07-25 10:36:30,955 - INFO - Leito CCF010 está ATIVO desde 2021-06-16 13:51:10.
2025-07-25 10:36:30,957 - INFO - Log de envio criado para leito CCF010 com id 6238.
2025-07-25 10:36:30,959 - INFO - Log de resposta atualizado para id 6238.
2025-07-25 10:36:30,961 - INFO - Leito CCF010 inserido na base local.
2025-07-25 10:36:30,962 - INFO - Leito OBST009 está ATIVO desde 2020-05-19 14:24:00.
2025-07-25 10:36:30,964 - INFO - Log de envio criado para leito OBST009 com id 6239.
2025-07-25 10:36:30,967 - INFO - Log de resposta atualizado para id 6239.
2025-07-25 10:36:30,970 - INFO - Leito OBST009 inserido na base local.
2025-07-25 10:36:30,971 - INFO - Leito OBST008 está ATIVO desde 2022-03-21 15:17:00.
2025-07-25 10:36:30,974 - INFO - Log de envio criado para leito OBST008 com id 6240.
2025-07-25 10:36:30,977 - INFO - Log de resposta atualizado para id 6240.
2025-07-25 10:36:30,979 - INFO - Leito OBST008 inserido na base local.
2025-07-25 10:36:30,980 - INFO - Leito OBST005 está ATIVO desde 2022-03-22 16:26:00.
2025-07-25 10:36:30,982 - INFO - Log de envio criado para leito OBST005 com id 6241.
2025-07-25 10:36:30,985 - INFO - Log de resposta atualizado para id 6241.
2025-07-25 10:36:30,987 - INFO - Leito OBST005 inserido na base local.
2025-07-25 10:36:30,987 - INFO - Leito CCF018 está ATIVO desde 2021-09-01 09:05:31.
2025-07-25 10:36:30,989 - INFO - Log de envio criado para leito CCF018 com id 6242.
2025-07-25 10:36:30,992 - INFO - Log de resposta atualizado para id 6242.
2025-07-25 10:36:30,993 - INFO - Leito CCF018 inserido na base local.
2025-07-25 10:36:30,994 - INFO - Leito CCF020 está ATIVO desde 2021-09-01 09:05:31.
2025-07-25 10:36:30,996 - INFO - Log de envio criado para leito CCF020 com id 6243.
2025-07-25 10:36:30,998 - INFO - Log de resposta atualizado para id 6243.
2025-07-25 10:36:31,000 - INFO - Leito CCF020 inserido na base local.
2025-07-25 10:36:31,001 - INFO - Leito BOX006 está ATIVO desde 2021-09-01 11:56:50.
2025-07-25 10:36:31,004 - INFO - Log de envio criado para leito BOX006 com id 6244.
2025-07-25 10:36:31,006 - INFO - Log de resposta atualizado para id 6244.
2025-07-25 10:36:31,008 - INFO - Leito BOX006 inserido na base local.
2025-07-25 10:36:31,009 - INFO - Leito CCF003 está ATIVO desde 2020-11-03 15:50:42.
2025-07-25 10:36:31,011 - INFO - Log de envio criado para leito CCF003 com id 6245.
2025-07-25 10:36:31,013 - INFO - Log de resposta atualizado para id 6245.
2025-07-25 10:36:31,015 - INFO - Leito CCF003 inserido na base local.
2025-07-25 10:36:31,015 - INFO - Leito UPG007 está ATIVO desde 2021-09-01 10:45:18.
2025-07-25 10:36:31,018 - INFO - Log de envio criado para leito UPG007 com id 6246.
2025-07-25 10:36:31,020 - INFO - Log de resposta atualizado para id 6246.
2025-07-25 10:36:31,022 - INFO - Leito UPG007 inserido na base local.
2025-07-25 10:36:31,023 - INFO - Leito BOX001 está ATIVO desde 2021-09-01 11:56:50.
2025-07-25 10:36:31,025 - INFO - Log de envio criado para leito BOX001 com id 6247.
2025-07-25 10:36:31,027 - INFO - Log de resposta atualizado para id 6247.
2025-07-25 10:36:31,029 - INFO - Leito BOX001 inserido na base local.
2025-07-25 10:36:31,030 - WARNING - Leito CMF010 INATIVO, com data de criacao em 2021-06-16 14:25:16.946000
2025-07-25 10:36:31,032 - INFO - Leito CMF010 inserido na base local.
2025-07-25 10:36:31,033 - INFO - Leito UCO010 está ATIVO desde 2021-08-30 16:46:22.
2025-07-25 10:36:31,035 - INFO - Log de envio criado para leito UCO010 com id 6248.
2025-07-25 10:36:31,038 - INFO - Log de resposta atualizado para id 6248.
2025-07-25 10:36:31,040 - INFO - Leito UCO010 inserido na base local.
2025-07-25 10:36:31,040 - INFO - Leito CCF009 está ATIVO desde 2021-06-16 13:51:10.
2025-07-25 10:36:31,042 - INFO - Log de envio criado para leito CCF009 com id 6249.
2025-07-25 10:36:31,043 - INFO - Log de resposta atualizado para id 6249.
2025-07-25 10:36:31,045 - INFO - Leito CCF009 inserido na base local.
2025-07-25 10:36:31,046 - INFO - Leito CCM006 está ATIVO desde 2021-06-16 14:30:14.
2025-07-25 10:36:31,047 - INFO - Log de envio criado para leito CCM006 com id 6250.
2025-07-25 10:36:31,049 - INFO - Log de resposta atualizado para id 6250.
2025-07-25 10:36:31,051 - INFO - Leito CCM006 inserido na base local.
2025-07-25 10:36:31,052 - INFO - Leito CCF004 está ATIVO desde 2021-06-14 15:08:15.
2025-07-25 10:36:31,053 - INFO - Log de envio criado para leito CCF004 com id 6251.
2025-07-25 10:36:31,055 - INFO - Log de resposta atualizado para id 6251.
2025-07-25 10:36:31,057 - INFO - Leito CCF004 inserido na base local.
2025-07-25 10:36:31,058 - INFO - Leito CCEMI001 está ATIVO desde 2021-06-14 16:19:16.
2025-07-25 10:36:31,060 - INFO - Log de envio criado para leito CCEMI001 com id 6252.
2025-07-25 10:36:31,062 - INFO - Log de resposta atualizado para id 6252.
2025-07-25 10:36:31,064 - INFO - Leito CCEMI001 inserido na base local.
2025-07-25 10:36:31,065 - INFO - Leito BOX010 está ATIVO desde 2021-09-01 11:56:50.
2025-07-25 10:36:31,067 - INFO - Log de envio criado para leito BOX010 com id 6253.
2025-07-25 10:36:31,069 - INFO - Log de resposta atualizado para id 6253.
2025-07-25 10:36:31,072 - INFO - Leito BOX010 inserido na base local.
2025-07-25 10:36:31,089 - INFO - Leito BOX012 está ATIVO desde 2024-04-17 15:33:00.
2025-07-25 10:36:31,092 - INFO - Log de envio criado para leito BOX012 com id 6254.
2025-07-25 10:36:31,095 - INFO - Log de resposta atualizado para id 6254.
2025-07-25 10:36:31,097 - INFO - Leito BOX012 inserido na base local.
2025-07-25 10:36:31,098 - WARNING - Leito CMF005 INATIVO, com data de criacao em 2021-06-16 14:25:16.817000
2025-07-25 10:36:31,100 - INFO - Leito CMF005 inserido na base local.
2025-07-25 10:36:31,100 - INFO - Conexões com os bancos de dados encerradas.
2025-07-25 10:36:31,100 - INFO - (2)-INICIANDO ROTINA DE VERIFICAÇÃO DE MUDANÇA DE STATUS DO LEITO.
2025-07-25 10:36:31,141 - INFO - Nenhuma alteração de status detectada.
2025-07-25 10:36:31,141 - INFO - Conexões com os bancos de dados encerradas.
2025-07-25 10:39:18,002 - INFO - (1)-INICIANDO ROTINA DE VERIFICAÇÃO DE LEITOS NOVOS.
2025-07-25 10:39:18,072 - INFO - 1 novo(s) leito(s) detectado(s).
2025-07-25 10:39:18,074 - INFO - Leito UCO004 está ATIVO desde 2021-06-16 14:18:54.
2025-07-25 10:39:18,083 - INFO - Log de envio criado para leito UCO004 com id 6255.
2025-07-25 10:39:18,089 - INFO - Log de resposta atualizado para id 6255.
2025-07-25 10:39:18,099 - INFO - Leito UCO004 inserido na base local.
2025-07-25 10:39:18,099 - INFO - Conexões com os bancos de dados encerradas.
2025-07-25 10:39:18,100 - INFO - (2)-INICIANDO ROTINA DE VERIFICAÇÃO DE MUDANÇA DE STATUS DO LEITO.
2025-07-25 10:39:18,158 - INFO - Nenhuma alteração de status detectada.
2025-07-25 10:39:18,158 - INFO - Conexões com os bancos de dados encerradas.
2025-07-25 10:40:15,861 - INFO - (1)-INICIANDO ROTINA DE VERIFICAÇÃO DE LEITOS NOVOS.
2025-07-25 10:40:15,916 - INFO - Nenhum novo leito detectado.
2025-07-25 10:40:15,916 - INFO - Conexões com os bancos de dados encerradas.
2025-07-25 10:40:15,917 - INFO - (2)-INICIANDO ROTINA DE VERIFICAÇÃO DE MUDANÇA DE STATUS DO LEITO.
2025-07-25 10:40:16,006 - INFO - 2 leito(s) com alteração de situação detectado(s).
2025-07-25 10:40:16,007 - INFO - Leito UCO004: novo status A, gerando mensagem HL7.
2025-07-25 10:40:16,017 - INFO - Log de envio criado para leito UCO004 com id 6256.
2025-07-25 10:40:16,017 - INFO - Conexões com os bancos de dados encerradas.
2025-07-25 10:44:37,210 - INFO - (1)-INICIANDO ROTINA DE VERIFICAÇÃO DE LEITOS NOVOS.
2025-07-25 10:44:37,287 - INFO - Nenhum novo leito detectado.
2025-07-25 10:44:37,287 - INFO - Conexões com os bancos de dados encerradas.
2025-07-25 10:44:37,288 - INFO - (2)-INICIANDO ROTINA DE VERIFICAÇÃO DE MUDANÇA DE STATUS DO LEITO.
2025-07-25 10:44:37,352 - INFO - 2 leito(s) com alteração de situação detectado(s).
2025-07-25 10:44:37,352 - INFO - Leito UCO004: novo status A, gerando mensagem HL7.
2025-07-25 10:44:37,362 - INFO - Log de envio criado para leito UCO004 com id 6257.
2025-07-25 10:44:37,369 - INFO - Log de resposta atualizado para id 6257.
2025-07-25 10:44:37,374 - INFO - Status do leito UCO004 atualizado para A.
2025-07-25 10:44:37,374 - INFO - Leito CMF003: novo status I, gerando mensagem HL7.
2025-07-25 10:44:37,377 - INFO - Log de envio criado para leito CMF003 com id 6258.
2025-07-25 10:44:37,381 - INFO - Log de resposta atualizado para id 6258.
2025-07-25 10:44:37,384 - INFO - Status do leito CMF003 atualizado para I.
2025-07-25 10:44:37,384 - INFO - Conexões com os bancos de dados encerradas.
2025-07-25 10:45:27,610 - INFO - (1)-INICIANDO ROTINA DE VERIFICAÇÃO DE LEITOS NOVOS.
2025-07-25 10:45:27,671 - INFO - Nenhum novo leito detectado.
2025-07-25 10:45:27,671 - INFO - Conexões com os bancos de dados encerradas.
2025-07-25 10:45:27,671 - INFO - (2)-INICIANDO ROTINA DE VERIFICAÇÃO DE MUDANÇA DE STATUS DO LEITO.
2025-07-25 10:45:27,722 - INFO - Nenhuma alteração de status detectada.
2025-07-25 10:45:27,723 - INFO - Conexões com os bancos de dados encerradas.
2025-07-25 11:37:48,759 - INFO - (1)-INICIANDO ROTINA DE VERIFICAÇÃO DE LEITOS NOVOS.
2025-07-25 11:37:48,824 - INFO - 1 novo(s) leito(s) detectado(s).
2025-07-25 11:37:48,826 - INFO - Leito UCO004 está ATIVO desde 2021-06-16 14:18:54.
2025-07-25 11:37:48,833 - INFO - Log de envio criado para leito UCO004 com id 6259.
2025-07-25 11:37:48,860 - INFO - Log de resposta atualizado para id 6259.
2025-07-25 11:37:48,867 - INFO - Leito UCO004 inserido na base local.
2025-07-25 11:37:48,868 - INFO - Conexões com os bancos de dados encerradas.
2025-07-25 11:37:48,868 - INFO - (2)-INICIANDO ROTINA DE VERIFICAÇÃO DE MUDANÇA DE STATUS DO LEITO.
2025-07-25 11:37:48,941 - INFO - Nenhuma alteração de status detectada.
2025-07-25 11:37:48,942 - INFO - Conexões com os bancos de dados encerradas.
2025-07-25 11:40:31,852 - INFO - (1)-INICIANDO ROTINA DE VERIFICAÇÃO DE LEITOS NOVOS.
2025-07-25 11:40:31,915 - INFO - 1 novo(s) leito(s) detectado(s).
2025-07-25 11:40:31,916 - INFO - Leito UCO004 está ATIVO desde 2021-06-16 14:18:54.
2025-07-25 11:40:31,923 - INFO - Log de envio criado para leito UCO004 com id 6260.
2025-07-25 11:40:31,929 - INFO - Conexões com os bancos de dados encerradas.
2025-07-25 11:44:24,951 - INFO - (1)-INICIANDO ROTINA DE VERIFICAÇÃO DE LEITOS NOVOS.
2025-07-25 11:44:25,012 - INFO - 1 novo(s) leito(s) detectado(s).
2025-07-25 11:44:25,013 - INFO - Leito UCO004 está ATIVO desde 2021-06-16 14:18:54.
2025-07-25 11:44:25,024 - INFO - Log de envio criado para leito UCO004 com id 6261.
2025-07-25 11:44:25,035 - INFO - Log de resposta atualizado para id 6261.
2025-07-25 11:44:25,039 - INFO - Leito UCO004 inserido na base local.
2025-07-25 11:44:25,040 - INFO - Conexões com os bancos de dados encerradas.
2025-07-25 11:44:25,040 - INFO - (2)-INICIANDO ROTINA DE VERIFICAÇÃO DE MUDANÇA DE STATUS DO LEITO.
2025-07-25 11:44:25,099 - INFO - Nenhuma alteração de status detectada.
2025-07-25 11:44:25,100 - INFO - Conexões com os bancos de dados encerradas.
2025-07-25 11:55:55,785 - INFO - (1)-INICIANDO ROTINA DE VERIFICAÇÃO DE LEITOS NOVOS.
2025-07-25 11:55:55,834 - INFO - 1 novo(s) leito(s) detectado(s).
2025-07-25 11:55:55,847 - WARNING - Leito CMF003 INATIVO, com data de criacao em 2023-05-03 21:01:00
2025-07-25 11:55:55,854 - INFO - Leito CMF003 inserido na base local.
2025-07-25 11:55:55,854 - INFO - Conexões com os bancos de dados encerradas.
2025-07-25 11:55:55,854 - INFO - (2)-INICIANDO ROTINA DE VERIFICAÇÃO DE MUDANÇA DE STATUS DO LEITO.
2025-07-25 11:55:55,910 - INFO - Nenhuma alteração de status detectada.
2025-07-25 11:55:55,910 - INFO - Conexões com os bancos de dados encerradas.
2025-07-25 11:56:27,735 - INFO - (1)-INICIANDO ROTINA DE VERIFICAÇÃO DE LEITOS NOVOS.
2025-07-25 11:56:27,787 - INFO - 1 novo(s) leito(s) detectado(s).
2025-07-25 11:56:27,789 - INFO - Leito UCO004 está ATIVO desde 2021-06-16 14:18:54.
2025-07-25 11:56:27,795 - INFO - Log de envio criado para leito UCO004 com id 6262.
2025-07-25 11:56:27,805 - INFO - Log de resposta atualizado para id 6262.
2025-07-25 11:56:27,809 - INFO - Leito UCO004 inserido na base local.
2025-07-25 11:56:27,809 - INFO - Conexões com os bancos de dados encerradas.
2025-07-25 11:56:27,810 - INFO - (2)-INICIANDO ROTINA DE VERIFICAÇÃO DE MUDANÇA DE STATUS DO LEITO.
2025-07-25 11:56:27,869 - INFO - Nenhuma alteração de status detectada.
2025-07-25 11:56:27,870 - INFO - Conexões com os bancos de dados encerradas.
2025-07-25 11:56:51,541 - INFO - (1)-INICIANDO ROTINA DE VERIFICAÇÃO DE LEITOS NOVOS.
2025-07-25 11:56:51,617 - INFO - 1 novo(s) leito(s) detectado(s).
2025-07-25 11:56:51,618 - WARNING - Leito UCINCA001 INATIVO, com data de criacao em 2021-08-31 10:53:44.469000
2025-07-25 11:56:51,624 - INFO - Leito UCINCA001 inserido na base local.
2025-07-25 11:56:51,625 - INFO - Conexões com os bancos de dados encerradas.
2025-07-25 11:56:51,625 - INFO - (2)-INICIANDO ROTINA DE VERIFICAÇÃO DE MUDANÇA DE STATUS DO LEITO.
2025-07-25 11:56:51,681 - INFO - Nenhuma alteração de status detectada.
2025-07-25 11:56:51,682 - INFO - Conexões com os bancos de dados encerradas.
2025-07-25 11:57:20,852 - INFO - (1)-INICIANDO ROTINA DE VERIFICAÇÃO DE LEITOS NOVOS.
2025-07-25 11:57:20,905 - INFO - 1 novo(s) leito(s) detectado(s).
2025-07-25 11:57:20,907 - WARNING - Leito UCINCA001 INATIVO, com data de criacao em 2021-08-31 10:53:44.469000
2025-07-25 11:57:20,913 - INFO - Leito UCINCA001 inserido na base local.
2025-07-25 11:57:20,913 - INFO - Conexões com os bancos de dados encerradas.
2025-07-25 11:57:20,913 - INFO - (2)-INICIANDO ROTINA DE VERIFICAÇÃO DE MUDANÇA DE STATUS DO LEITO.
2025-07-25 11:57:20,966 - INFO - Nenhuma alteração de status detectada.
2025-07-25 11:57:20,966 - INFO - Conexões com os bancos de dados encerradas.
2025-07-25 11:58:19,526 - INFO - (1)-INICIANDO ROTINA DE VERIFICAÇÃO DE LEITOS NOVOS.
2025-07-25 11:58:19,593 - INFO - 2 novo(s) leito(s) detectado(s).
2025-07-25 11:58:19,594 - INFO - Leito UCO004 está ATIVO desde 2021-06-16 14:18:54.
2025-07-25 11:58:19,602 - INFO - Log de envio criado para leito UCO004 com id 6263.
2025-07-25 11:58:19,613 - INFO - Log de resposta atualizado para id 6263.
2025-07-25 11:58:19,617 - INFO - Leito UCO004 inserido na base local.
2025-07-25 11:58:19,619 - WARNING - Leito UCINCA001 INATIVO, com data de criacao em 2021-08-31 10:53:44.469000
2025-07-25 11:58:19,622 - INFO - Leito UCINCA001 inserido na base local.
2025-07-25 11:58:19,623 - INFO - Conexões com os bancos de dados encerradas.
2025-07-25 11:58:19,623 - INFO - (2)-INICIANDO ROTINA DE VERIFICAÇÃO DE MUDANÇA DE STATUS DO LEITO.
2025-07-25 11:58:19,684 - INFO - Nenhuma alteração de status detectada.
2025-07-25 11:58:19,685 - INFO - Conexões com os bancos de dados encerradas.
2025-07-25 11:59:29,598 - INFO - (1)-INICIANDO ROTINA DE VERIFICAÇÃO DE LEITOS NOVOS.
2025-07-25 11:59:29,669 - INFO - Nenhum novo leito detectado.
2025-07-25 11:59:29,670 - INFO - Conexões com os bancos de dados encerradas.
2025-07-25 11:59:29,671 - INFO - (2)-INICIANDO ROTINA DE VERIFICAÇÃO DE MUDANÇA DE STATUS DO LEITO.
2025-07-25 11:59:29,742 - INFO - 1 leito(s) com alteração de situação detectado(s).
2025-07-25 11:59:29,742 - INFO - Leito 6º CMM006: novo status A, gerando mensagem HL7.
2025-07-25 11:59:29,750 - INFO - Log de envio criado para leito 6º CMM006 com id 6264.
2025-07-25 11:59:29,762 - INFO - Log de resposta atualizado para id 6264.
2025-07-25 11:59:29,766 - INFO - Status do leito 6º CMM006 atualizado para A.
2025-07-25 11:59:29,766 - INFO - Conexões com os bancos de dados encerradas.
2025-07-25 12:01:23,034 - INFO - (1)-INICIANDO ROTINA DE VERIFICAÇÃO DE LEITOS NOVOS.
2025-07-25 12:01:23,099 - INFO - Nenhum novo leito detectado.
2025-07-25 12:01:23,099 - INFO - Conexões com os bancos de dados encerradas.
2025-07-25 12:01:23,099 - INFO - (2)-INICIANDO ROTINA DE VERIFICAÇÃO DE MUDANÇA DE STATUS DO LEITO.
2025-07-25 12:01:23,157 - INFO - 1 leito(s) com alteração de situação detectado(s).
2025-07-25 12:01:23,158 - INFO - Leito UPG014: novo status I, gerando mensagem HL7.
2025-07-25 12:01:23,164 - INFO - Log de envio criado para leito UPG014 com id 6265.
2025-07-25 12:01:23,173 - INFO - Log de resposta atualizado para id 6265.
2025-07-25 12:01:23,176 - INFO - Status do leito UPG014 atualizado para I.
2025-07-25 12:01:23,176 - INFO - Conexões com os bancos de dados encerradas.
