2025-07-30 12:07:47,642 - INFO - (1)-INICIANDO ROTINA DE VERIFICAÇÃO DE LEITOS NOVOS.
2025-07-30 12:07:47,772 - INFO - 1 novo(s) leito(s) detectado(s).
2025-07-30 12:07:47,806 - INFO - Leito UPG.UV011 está ATIVO desde 2025-07-30 10:17:20.
2025-07-30 12:07:48,085 - INFO - Log de envio criado para leito UPG.UV011 com id 6320.
2025-07-30 12:07:48,219 - INFO - Log de resposta atualizado para id 6320.
2025-07-30 12:07:48,267 - INFO - Leito UPG.UV011 inserido na base local.
2025-07-30 12:07:48,267 - INFO - Leito UPG.UV011 recebido com sucesso!
2025-07-30 12:07:48,271 - INFO - Conexões com os bancos de dados encerradas.
2025-07-30 12:07:48,271 - INFO - (2)-INICIANDO ROTINA DE VERIFICAÇÃO DE MUDANÇA DE STATUS DO LEITO.
2025-07-30 12:07:48,367 - INFO - Nenhuma alteração de status detectada.
2025-07-30 12:07:48,368 - INFO - Conexões com os bancos de dados encerradas.
2025-07-30 12:15:35,926 - INFO - (1)-INICIANDO ROTINA DE VERIFICAÇÃO DE LEITOS NOVOS.
2025-07-30 12:15:36,015 - INFO - Nenhum novo leito detectado.
2025-07-30 12:15:36,016 - INFO - Conexões com os bancos de dados encerradas.
2025-07-30 12:15:36,016 - INFO - (2)-INICIANDO ROTINA DE VERIFICAÇÃO DE MUDANÇA DE STATUS DO LEITO.
2025-07-30 12:15:36,121 - INFO - Nenhuma alteração de status detectada.
2025-07-30 12:15:36,121 - INFO - Conexões com os bancos de dados encerradas.
2025-07-30 12:16:52,419 - INFO - (1)-INICIANDO ROTINA DE VERIFICAÇÃO DE LEITOS NOVOS.
2025-07-30 12:16:52,531 - INFO - Nenhum novo leito detectado.
2025-07-30 12:16:52,532 - INFO - Conexões com os bancos de dados encerradas.
2025-07-30 12:16:52,532 - INFO - (2)-INICIANDO ROTINA DE VERIFICAÇÃO DE MUDANÇA DE STATUS DO LEITO.
2025-07-30 12:16:52,649 - INFO - 1 leito(s) com alteração de situação detectado(s).
2025-07-30 12:16:52,652 - INFO - Leito UPG.UV011 INATIVO, desde 2025-07-30 12:19:24
2025-07-30 12:16:52,652 - INFO - Leito UPG.UV011: novo status I, gerando mensagem HL7.
2025-07-30 12:16:52,657 - INFO - Log de envio criado para leito UPG.UV011 com id 6321.
2025-07-30 12:16:52,885 - INFO - Log de resposta atualizado para id 6321.
2025-07-30 12:16:52,932 - INFO - Status do leito UPG.UV011 atualizado para I.
2025-07-30 12:16:52,932 - INFO - Leito UPG.UV011 recebido com sucesso!
2025-07-30 12:16:52,935 - INFO - Conexões com os bancos de dados encerradas.
2025-07-30 12:19:19,594 - INFO - (1)-INICIANDO ROTINA DE VERIFICAÇÃO DE LEITOS NOVOS.
2025-07-30 12:19:19,703 - INFO - Nenhum novo leito detectado.
2025-07-30 12:19:19,703 - INFO - Conexões com os bancos de dados encerradas.
2025-07-30 12:19:19,703 - INFO - (2)-INICIANDO ROTINA DE VERIFICAÇÃO DE MUDANÇA DE STATUS DO LEITO.
2025-07-30 12:19:19,812 - INFO - 1 leito(s) com alteração de situação detectado(s).
2025-07-30 12:19:19,814 - INFO - Leito UPG.UV011 está ATIVO desde 2025-07-30 12:21:52.
2025-07-30 12:19:19,814 - INFO - Leito UPG.UV011: novo status A, gerando mensagem HL7.
2025-07-30 12:19:19,820 - INFO - Log de envio criado para leito UPG.UV011 com id 6322.
2025-07-30 12:19:20,034 - INFO - Log de resposta atualizado para id 6322.
2025-07-30 12:19:20,037 - INFO - Status do leito UPG.UV011 atualizado para A.
2025-07-30 12:19:20,038 - INFO - Leito UPG.UV011 recebido com sucesso!
2025-07-30 12:19:20,041 - INFO - Conexões com os bancos de dados encerradas.
2025-07-30 13:57:11,370 - INFO - (1)-INICIANDO ROTINA DE VERIFICAÇÃO DE LEITOS NOVOS.
2025-07-30 13:57:11,486 - INFO - Nenhum novo leito detectado.
2025-07-30 13:57:11,486 - INFO - Conexões com os bancos de dados encerradas.
2025-07-30 13:57:11,487 - INFO - (2)-INICIANDO ROTINA DE VERIFICAÇÃO DE MUDANÇA DE STATUS DO LEITO.
2025-07-30 13:57:11,592 - INFO - 1 leito(s) com alteração de situação detectado(s).
2025-07-30 13:57:11,595 - INFO - Leito UPG.UV011 INATIVO, desde 2025-07-30 13:59:42
2025-07-30 13:57:11,595 - INFO - Leito UPG.UV011: novo status I, gerando mensagem HL7.
2025-07-30 13:57:11,619 - INFO - Log de envio criado para leito UPG.UV011 com id 6323.
2025-07-30 13:57:11,832 - INFO - Log de resposta atualizado para id 6323.
2025-07-30 13:57:11,835 - INFO - Status do leito UPG.UV011 atualizado para I.
2025-07-30 13:57:11,835 - INFO - Leito UPG.UV011 recebido com sucesso!
2025-07-30 13:57:11,839 - INFO - Conexões com os bancos de dados encerradas.
2025-07-30 14:13:35,295 - INFO - (1)-INICIANDO ROTINA DE VERIFICAÇÃO DE LEITOS NOVOS.
2025-07-30 14:13:35,386 - INFO - Nenhum novo leito detectado. Enviando mensagem de keep-alive.
2025-07-30 14:13:35,424 - INFO - Log de envio criado para leito keepalive_novo_leito com id 6324.
2025-07-30 14:13:35,670 - INFO - Log de resposta atualizado para id 6324.
2025-07-30 14:13:35,674 - INFO - Conexões com os bancos de dados encerradas.
2025-07-30 14:13:35,674 - INFO - (2)-INICIANDO ROTINA DE VERIFICAÇÃO DE MUDANÇA DE STATUS DO LEITO.
2025-07-30 14:13:35,771 - INFO - Nenhuma alteração de status detectada. Enviando mensagem de keep-alive.
2025-07-30 14:13:35,791 - INFO - Log de envio criado para leito keepalive_mudança_status com id 6325.
2025-07-30 14:13:35,870 - INFO - Log de resposta atualizado para id 6325.
2025-07-30 14:13:35,873 - INFO - Conexões com os bancos de dados encerradas.
2025-07-30 14:13:52,041 - INFO - (1)-INICIANDO ROTINA DE VERIFICAÇÃO DE LEITOS NOVOS.
2025-07-30 14:13:52,163 - INFO - Nenhum novo leito detectado. Enviando mensagem de keep-alive.
2025-07-30 14:13:52,184 - INFO - Log de envio criado para leito keepalive_novo_leito com id 6326.
2025-07-30 14:13:52,277 - INFO - Log de resposta atualizado para id 6326.
2025-07-30 14:13:52,282 - INFO - Conexões com os bancos de dados encerradas.
2025-07-30 14:13:52,282 - INFO - (2)-INICIANDO ROTINA DE VERIFICAÇÃO DE MUDANÇA DE STATUS DO LEITO.
2025-07-30 14:13:52,394 - INFO - Nenhuma alteração de status detectada. Enviando mensagem de keep-alive.
2025-07-30 14:13:52,402 - INFO - Log de envio criado para leito keepalive_mudança_status com id 6327.
2025-07-30 14:13:52,489 - INFO - Log de resposta atualizado para id 6327.
2025-07-30 14:13:52,492 - INFO - Conexões com os bancos de dados encerradas.
2025-07-30 14:16:30,842 - INFO - (1)-INICIANDO ROTINA DE VERIFICAÇÃO DE LEITOS NOVOS.
2025-07-30 14:16:30,958 - INFO - Nenhum novo leito detectado. Enviando mensagem de keep-alive.
2025-07-30 14:16:30,978 - INFO - Log de envio criado para leito keepalive_novo_leito com id 6328.
2025-07-30 14:16:31,128 - INFO - Log de resposta atualizado para id 6328.
2025-07-30 14:16:31,133 - INFO - Conexões com os bancos de dados encerradas.
2025-07-30 14:16:31,133 - INFO - (2)-INICIANDO ROTINA DE VERIFICAÇÃO DE MUDANÇA DE STATUS DO LEITO.
2025-07-30 14:16:31,259 - INFO - Nenhuma alteração de status detectada. Enviando mensagem de keep-alive.
2025-07-30 14:16:31,271 - INFO - Log de envio criado para leito keepalive_mudança_status com id 6329.
2025-07-30 14:16:31,362 - INFO - Log de resposta atualizado para id 6329.
2025-07-30 14:16:31,367 - INFO - Conexões com os bancos de dados encerradas.
2025-07-30 14:29:06,781 - INFO - (1)-INICIANDO ROTINA DE VERIFICAÇÃO DE LEITOS NOVOS.
2025-07-30 14:29:06,896 - INFO - Nenhum novo leito detectado. Enviando mensagem de keep-alive.
2025-07-30 14:29:06,911 - INFO - Log de envio criado para leito keepalive_novo_leito com id 6330.
2025-07-30 14:29:07,139 - INFO - Log de resposta atualizado para id 6330.
2025-07-30 14:29:07,144 - INFO - Conexões com os bancos de dados encerradas.
2025-07-30 14:29:07,144 - INFO - (2)-INICIANDO ROTINA DE VERIFICAÇÃO DE MUDANÇA DE STATUS DO LEITO.
2025-07-30 14:29:07,255 - INFO - Nenhuma alteração de status detectada. Enviando mensagem de keep-alive.
2025-07-30 14:29:07,279 - INFO - Log de envio criado para leito keepalive_mudança_status com id 6331.
2025-07-30 14:29:07,358 - INFO - Log de resposta atualizado para id 6331.
2025-07-30 14:29:07,364 - INFO - Conexões com os bancos de dados encerradas.
2025-07-30 14:46:55,621 - INFO - (1)-INICIANDO ROTINA DE VERIFICAÇÃO DE LEITOS NOVOS.
2025-07-30 14:46:55,729 - INFO - 1 novo(s) leito(s) detectado(s).
2025-07-30 14:46:55,770 - INFO - Leito UPG.UV012 está ATIVO desde 2025-07-30 14:34:19.
2025-07-30 14:46:55,795 - INFO - Log de envio criado para leito UPG.UV012 com id 6332.
2025-07-30 14:46:56,139 - INFO - Log de resposta atualizado para id 6332.
2025-07-30 14:46:56,142 - INFO - Leito UPG.UV012 inserido na base local.
2025-07-30 14:46:56,142 - INFO - Leito UPG.UV012 recebido com sucesso!
2025-07-30 14:46:56,146 - INFO - Conexões com os bancos de dados encerradas.
2025-07-30 14:46:56,147 - INFO - (2)-INICIANDO ROTINA DE VERIFICAÇÃO DE MUDANÇA DE STATUS DO LEITO.
2025-07-30 14:46:56,259 - INFO - Nenhuma alteração de status detectada.
2025-07-30 14:46:56,260 - INFO - Conexões com os bancos de dados encerradas.
2025-07-30 14:48:23,181 - INFO - (1)-INICIANDO ROTINA DE VERIFICAÇÃO DE LEITOS NOVOS.
2025-07-30 14:48:23,287 - INFO - Nenhum novo leito detectado.
2025-07-30 14:48:23,287 - INFO - Conexões com os bancos de dados encerradas.
2025-07-30 14:48:23,287 - INFO - (2)-INICIANDO ROTINA DE VERIFICAÇÃO DE MUDANÇA DE STATUS DO LEITO.
2025-07-30 14:48:23,392 - INFO - 1 leito(s) com alteração de situação detectado(s).
2025-07-30 14:48:23,395 - INFO - Leito UPG.UV012 INATIVO, desde 2025-07-30 14:50:50
2025-07-30 14:48:23,395 - INFO - Leito UPG.UV012: novo status I, gerando mensagem HL7.
2025-07-30 14:48:23,421 - INFO - Log de envio criado para leito UPG.UV012 com id 6333.
2025-07-30 14:48:23,613 - INFO - Log de resposta atualizado para id 6333.
2025-07-30 14:48:23,615 - INFO - Status do leito UPG.UV012 atualizado para I.
2025-07-30 14:48:23,616 - INFO - Leito UPG.UV012 recebido com sucesso!
2025-07-30 14:48:23,619 - INFO - Conexões com os bancos de dados encerradas.
2025-07-30 14:56:10,992 - INFO - (1)-INICIANDO ROTINA DE VERIFICAÇÃO DE LEITOS NOVOS.
2025-07-30 14:56:11,106 - INFO - Nenhum novo leito detectado.
2025-07-30 14:56:11,107 - INFO - Conexões com os bancos de dados encerradas.
2025-07-30 14:56:11,107 - INFO - (2)-INICIANDO ROTINA DE VERIFICAÇÃO DE MUDANÇA DE STATUS DO LEITO.
2025-07-30 14:56:11,217 - INFO - 1 leito(s) com alteração de situação detectado(s).
2025-07-30 14:56:11,219 - INFO - Leito UPG.UV001 está ATIVO desde 2025-07-30 14:58:39.
2025-07-30 14:56:11,219 - INFO - Leito UPG.UV001: novo status A, gerando mensagem HL7.
2025-07-30 14:56:11,223 - INFO - Log de envio criado para leito UPG.UV001 com id 6334.
2025-07-30 14:56:11,427 - INFO - Log de resposta atualizado para id 6334.
2025-07-30 14:56:11,429 - INFO - Status do leito UPG.UV001 atualizado para A.
2025-07-30 14:56:11,429 - INFO - Leito UPG.UV001 recebido com sucesso!
2025-07-30 14:56:11,432 - INFO - Conexões com os bancos de dados encerradas.
2025-07-30 14:57:10,527 - INFO - (1)-INICIANDO ROTINA DE VERIFICAÇÃO DE LEITOS NOVOS.
2025-07-30 14:57:10,673 - INFO - Nenhum novo leito detectado.
2025-07-30 14:57:10,673 - INFO - Conexões com os bancos de dados encerradas.
2025-07-30 14:57:10,674 - INFO - (2)-INICIANDO ROTINA DE VERIFICAÇÃO DE MUDANÇA DE STATUS DO LEITO.
2025-07-30 14:57:10,809 - INFO - 1 leito(s) com alteração de situação detectado(s).
2025-07-30 14:57:10,812 - INFO - Leito UPG.UV001 INATIVO, desde 2025-07-30 14:59:42
2025-07-30 14:57:10,812 - INFO - Leito UPG.UV001: novo status I, gerando mensagem HL7.
2025-07-30 14:57:10,840 - INFO - Log de envio criado para leito UPG.UV001 com id 6335.
2025-07-30 14:57:11,179 - INFO - Log de resposta atualizado para id 6335.
2025-07-30 14:57:11,182 - INFO - Status do leito UPG.UV001 atualizado para I.
2025-07-30 14:57:11,182 - INFO - Leito UPG.UV001 recebido com sucesso!
2025-07-30 14:57:11,192 - INFO - Conexões com os bancos de dados encerradas.
